cn510
Google Earth Engine API initialized successfully.
The reference layer has been downloaded with the first image from the GEE archive.
Start downloading the HLS data from 2013-04-11 to 2024-12-31:
000000000/000000052 L30_T18SUH_20130912T154826
000000001/000000052 L30_T18SUH_20140503T153957
000000002/000000052 L30_T18SUH_20141102T154638
000000003/000000052 L30_T18SUH_20150522T153919
000000004/000000052 L30_T18SUH_20151105T154633
000000005/000000052 L30_T18SUH_20160609T153957
000000006/000000052 L30_T18SUH_20161123T154647
000000007/000000052 L30_T18SUH_20170603T154604
000000008/000000052 L30_T18SUH_20171119T154029
000000009/000000052 L30_T18SUH_20180606T154514
000000010/000000052 L30_T18SUH_20190116T154616
000000011/000000052 L30_T18SUH_20190711T154623
000000012/000000052 L30_T18SUH_20200229T154014
000000013/000000052 L30_T18SUH_20200823T154021
000000014/000000052 L30_T18SUH_20210411T154609
000000015/000000052 L30_T18SUH_20211004T154649
000000016/000000052 L30_T18SUH_20220217T154637
000000017/000000052 L30_T18SUH_20220525T154012
000000018/000000052 L30_T18SUH_20220813T154047
000000019/000000052 L30_T18SUH_20221117T154046
000000020/000000052 L30_T18SUH_20230301T154031
000000021/000000052 L30_T18SUH_20230613T153943
000000022/000000052 L30_T18SUH_20230916T154631
000000023/000000052 L30_T18SUH_20231214T154034
000000024/000000052 L30_T18SUH_20240428T153939
000000025/000000052 L30_T18SUH_20241028T154626
000000026/000000052 L30_T18SUJ_20130820T154154
000000027/000000052 L30_T18SUJ_20140408T154610
000000028/000000052 L30_T18SUJ_20141010T154004
000000029/000000052 L30_T18SUJ_20150427T154520
000000030/000000052 L30_T18SUJ_20151013T153952
000000031/000000052 L30_T18SUJ_20160515T154536
000000032/000000052 L30_T18SUJ_20161031T154013
000000033/000000052 L30_T18SUJ_20170502T154519
000000034/000000052 L30_T18SUJ_20171025T154621
000000035/000000052 L30_T18SUJ_20180514T153853
000000036/000000052 L30_T18SUJ_20181208T153945
000000037/000000052 L30_T18SUJ_20190618T154006
000000038/000000052 L30_T18SUJ_20191227T154007
000000039/000000052 L30_T18SUJ_20200729T154559
000000040/000000052 L30_T18SUJ_20210319T153941
000000041/000000052 L30_T18SUJ_20210911T154008
000000042/000000052 L30_T18SUJ_20220202T154000
000000043/000000052 L30_T18SUJ_20220509T153945
000000044/000000052 L30_T18SUJ_20220804T154630
000000045/000000052 L30_T18SUJ_20221108T154640
000000046/000000052 L30_T18SUJ_20230220T154623
000000047/000000052 L30_T18SUJ_20230527T154531
000000048/000000052 L30_T18SUJ_20230901T153951
000000049/000000052 L30_T18SUJ_20231205T154618
000000050/000000052 L30_T18SUJ_20240522T153919
000000051/000000052 L30_T18SUJ_20241121T154616
Google Earth Engine API initialized successfully.
The reference layer has been downloaded with the first image from the GEE archive.
Start downloading the HLS data from 2013-04-11 to 2024-12-31:
000000003/000000030 S30_T18SUH_20170928T155019
000000004/000000030 S30_T18SUH_20180114T161211
000000005/000000030 S30_T18SUH_20191120T160549
000000006/000000030 S30_T18SUH_20210505T154901
000000007/000000030 S30_T18SUH_20230627T155821
000000008/000000030 S30_T18SUH_20230910T155829
000000009/000000030 S30_T18SUH_20231124T160601
000000010/000000030 S30_T18SUH_20240202T160501
000000011/000000030 S30_T18SUH_20240412T155901
000000012/000000030 S30_T18SUH_20240621T155911
000000013/000000030 S30_T18SUH_20240812T154819
000000014/000000030 S30_T18SUJ_20160115T160622
000000015/000000030 S30_T18SUJ_20160730T160132
000000016/000000030 S30_T18SUJ_20161227T160122
000000017/000000030 S30_T18SUJ_20170710T154909
000000018/000000030 S30_T18SUJ_20171018T155239
000000019/000000030 S30_T18SUJ_20180119T160559
000000020/000000030 S30_T18SUJ_20190829T154819
000000021/000000030 S30_T18SUJ_20210430T154809
000000022/000000030 S30_T18SUJ_20230624T154811
000000023/000000030 S30_T18SUJ_20230905T155821
000000024/000000030 S30_T18SUJ_20231109T160459
000000025/000000030 S30_T18SUJ_20240105T155639
000000026/000000030 S30_T18SUJ_20240325T154809
000000027/000000030 S30_T18SUJ_20240613T154819
000000028/000000030 S30_T18SUJ_20240805T155819
000000029/000000030 S30_T18SUJ_20241006T155131
