cn507
Google Earth Engine API initialized successfully.
The reference layer has been downloaded with the first image from the GEE archive.
Start downloading the HLS data from 2013-04-11 to 2024-12-31:
000000000/000000052 L30_T18SUH_20130421T154814
000000001/000000052 L30_T18SUH_20131108T154200
000000002/000000052 L30_T18SUH_20140611T154608
000000003/000000052 L30_T18SUH_20141213T154021
000000004/000000052 L30_T18SUH_20150630T154550
000000005/000000052 L30_T18SUH_20151216T154024
000000006/000000052 L30_T18SUH_20160718T154625
000000007/000000052 L30_T18SUH_20170110T154637
000000008/000000052 L30_T18SUH_20170714T154005
000000009/000000052 L30_T18SUH_20180106T154023
000000010/000000052 L30_T18SUH_20180802T153934
000000011/000000052 L30_T18SUH_20190305T154606
000000012/000000052 L30_T18SUH_20190821T154025
000000013/000000052 L30_T18SUH_20200417T153951
000000014/000000052 L30_T18SUH_20201010T154036
000000015/000000052 L30_T18SUH_20210522T153955
000000016/000000052 L30_T18SUH_20211119T154336
000000017/000000052 L30_T18SUH_20220306T154016
000000018/000000052 L30_T18SUH_20220617T154638
000000019/000000052 L30_T18SUH_20220905T154700
000000020/000000052 L30_T18SUH_20221219T154041
000000021/000000052 L30_T18SUH_20230402T154013
000000022/000000052 L30_T18SUH_20230714T154603
000000023/000000052 L30_T18SUH_20231011T154027
000000024/000000052 L30_T18SUH_20240107T154021
000000025/000000052 L30_T18SUH_20240606T154532
000000026/000000052 L30_T18SUH_20241223T154638
000000027/000000052 L30_T18SUJ_20130928T154755
000000028/000000052 L30_T18SUJ_20140519T153923
000000029/000000052 L30_T18SUJ_20141118T154614
000000030/000000052 L30_T18SUJ_20150607T153905
000000031/000000052 L30_T18SUJ_20151121T154611
000000032/000000052 L30_T18SUJ_20160625T153939
000000033/000000052 L30_T18SUJ_20161209T154621
000000034/000000052 L30_T18SUJ_20170619T154546
000000035/000000052 L30_T18SUJ_20171205T154001
000000036/000000052 L30_T18SUJ_20180701T153855
000000037/000000052 L30_T18SUJ_20190210T153937
000000038/000000052 L30_T18SUJ_20190727T154604
000000039/000000052 L30_T18SUJ_20200316T153943
000000040/000000052 L30_T18SUJ_20200908T154004
000000041/000000052 L30_T18SUJ_20210427T154538
000000042/000000052 L30_T18SUJ_20211105T154627
000000043/000000052 L30_T18SUJ_20220225T154628
000000044/000000052 L30_T18SUJ_20220602T153924
000000045/000000052 L30_T18SUJ_20220821T154005
000000046/000000052 L30_T18SUJ_20221202T154627
000000047/000000052 L30_T18SUJ_20230309T153951
000000048/000000052 L30_T18SUJ_20230629T153927
000000049/000000052 L30_T18SUJ_20231002T154607
000000050/000000052 L30_T18SUJ_20231222T154005
000000051/000000052 L30_T18SUJ_20240622T154517
Google Earth Engine API initialized successfully.
The reference layer has been downloaded with the first image from the GEE archive.
Start downloading the HLS data from 2013-04-11 to 2024-12-31:
000000000/000000030 S30_T18SUH_20151226T161212
000000001/000000030 S30_T18SUH_20160713T155912
000000002/000000030 S30_T18SUH_20161207T155642
000000003/000000030 S30_T18SUH_20170618T155901
000000004/000000030 S30_T18SUH_20171021T161159
000000005/000000030 S30_T18SUH_20180213T160351
000000006/000000030 S30_T18SUH_20200215T155239
000000007/000000030 S30_T18SUH_20230306T155121
000000008/000000030 S30_T18SUH_20230712T155829
000000009/000000030 S30_T18SUH_20231002T155101
000000010/000000030 S30_T18SUH_20231211T155641
000000011/000000030 S30_T18SUH_20240217T160239
000000012/000000030 S30_T18SUH_20240429T154941
000000013/000000030 S30_T18SUH_20240703T154819
000000014/000000030 S30_T18SUH_20240825T155819
000000015/000000030 S30_T18SUJ_20160401T154922
000000016/000000030 S30_T18SUJ_20160908T160132
000000017/000000030 S30_T18SUJ_20170218T160351
000000018/000000030 S30_T18SUJ_20170730T154909
000000019/000000030 S30_T18SUJ_20171102T160131
000000020/000000030 S30_T18SUJ_20180411T155011
000000021/000000030 S30_T18SUJ_20200215T155239
000000022/000000030 S30_T18SUJ_20230304T160149
000000023/000000030 S30_T18SUJ_20230707T155821
000000024/000000030 S30_T18SUJ_20230927T154929
000000025/000000030 S30_T18SUJ_20231124T160601
000000026/000000030 S30_T18SUJ_20240204T155449
000000027/000000030 S30_T18SUJ_20240412T155901
000000028/000000030 S30_T18SUJ_20240626T155819
000000029/000000030 S30_T18SUJ_20240817T154931
