cn510
Google Earth Engine API initialized successfully.
The reference layer has been downloaded with the first image from the GEE archive.
Start downloading the HLS data from 2013-04-11 to 2024-12-31:
000000000/000000052 L30_T18SUH_20130820T154218
000000001/000000052 L30_T18SUH_20140408T154634
000000002/000000052 L30_T18SUH_20141010T154028
000000003/000000052 L30_T18SUH_20150427T154544
000000004/000000052 L30_T18SUH_20151013T154016
000000005/000000052 L30_T18SUH_20160515T154600
000000006/000000052 L30_T18SUH_20161031T154037
000000007/000000052 L30_T18SUH_20170502T154543
000000008/000000052 L30_T18SUH_20171025T154645
000000009/000000052 L30_T18SUH_20180514T153917
000000010/000000052 L30_T18SUH_20181208T154009
000000011/000000052 L30_T18SUH_20190618T154006
000000012/000000052 L30_T18SUH_20191227T154030
000000013/000000052 L30_T18SUH_20200729T154623
000000014/000000052 L30_T18SUH_20210319T154005
000000015/000000052 L30_T18SUH_20210911T154032
000000016/000000052 L30_T18SUH_20220202T154024
000000017/000000052 L30_T18SUH_20220509T154009
000000018/000000052 L30_T18SUH_20220804T154654
000000019/000000052 L30_T18SUH_20221108T154704
000000020/000000052 L30_T18SUH_20230220T154647
000000021/000000052 L30_T18SUH_20230527T154555
000000022/000000052 L30_T18SUH_20230901T154015
000000023/000000052 L30_T18SUH_20231205T154641
000000024/000000052 L30_T18SUH_20240404T154016
000000025/000000052 L30_T18SUH_20240818T154000
000000026/000000052 L30_T18SUJ_20130726T154802
000000027/000000052 L30_T18SUJ_20140307T154637
000000028/000000052 L30_T18SUJ_20140915T154611
000000029/000000052 L30_T18SUJ_20150404T153914
000000030/000000052 L30_T18SUJ_20150911T153946
000000031/000000052 L30_T18SUJ_20160413T154539
000000032/000000052 L30_T18SUJ_20161006T154620
000000033/000000052 L30_T18SUJ_20170324T153953
000000034/000000052 L30_T18SUJ_20171002T154006
000000035/000000052 L30_T18SUJ_20180419T154542
000000036/000000052 L30_T18SUJ_20181028T154621
000000037/000000052 L30_T18SUJ_20190524T154542
000000038/000000052 L30_T18SUJ_20191202T154646
000000039/000000052 L30_T18SUJ_20200706T153941
000000040/000000052 L30_T18SUJ_20210206T154609
000000041/000000052 L30_T18SUJ_20210817T154636
000000042/000000052 L30_T18SUJ_20220117T154028
000000043/000000052 L30_T18SUJ_20220423T153940
000000044/000000052 L30_T18SUJ_20220720T153946
000000045/000000052 L30_T18SUJ_20221015T154629
000000046/000000052 L30_T18SUJ_20230204T154633
000000047/000000052 L30_T18SUJ_20230511T154541
000000048/000000052 L30_T18SUJ_20230816T153948
000000049/000000052 L30_T18SUJ_20231119T154617
000000050/000000052 L30_T18SUJ_20240319T154001
000000051/000000052 L30_T18SUJ_20241028T154602
Google Earth Engine API initialized successfully.
The reference layer has been downloaded with the first image from the GEE archive.
Start downloading the HLS data from 2013-04-11 to 2024-12-31:
000000000/000000030 S30_T18SUH_20160414T155922
000000001/000000030 S30_T18SUH_20161018T160122
000000002/000000030 S30_T18SUH_20170416T160131
000000003/000000030 S30_T18SUH_20170918T160119
000000004/000000030 S30_T18SUH_20171222T155651
000000005/000000030 S30_T18SUH_20190819T154819
000000006/000000030 S30_T18SUH_20210306T155121
000000007/000000030 S30_T18SUH_20230614T154941
000000008/000000030 S30_T18SUH_20230902T154821
000000009/000000030 S30_T18SUH_20231111T155501
000000010/000000030 S30_T18SUH_20240113T160621
000000011/000000030 S30_T18SUH_20240330T154821
000000012/000000030 S30_T18SUH_20240613T154819
000000013/000000030 S30_T18SUH_20240805T155819
000000014/000000030 S30_T18SUJ_20151226T161212
000000015/000000030 S30_T18SUJ_20160710T160132
000000016/000000030 S30_T18SUJ_20161207T155642
000000017/000000030 S30_T18SUJ_20170625T154901
000000018/000000030 S30_T18SUJ_20171001T161159
000000019/000000030 S30_T18SUJ_20180109T160629
000000020/000000030 S30_T18SUJ_20190725T154911
000000021/000000030 S30_T18SUJ_20210123T160549
000000022/000000030 S30_T18SUJ_20230614T154941
000000023/000000030 S30_T18SUJ_20230826T155831
000000024/000000030 S30_T18SUJ_20231030T160409
000000025/000000030 S30_T18SUJ_20231229T160659
000000026/000000030 S30_T18SUJ_20240313T160031
000000027/000000030 S30_T18SUJ_20240603T154819
000000028/000000030 S30_T18SUJ_20240726T155819
000000029/000000030 S30_T18SUJ_20240919T155931
