cn508
Google Earth Engine API initialized successfully.
The reference layer has been downloaded with the first image from the GEE archive.
Start downloading the HLS data from 2013-04-11 to 2024-12-31:
000000012/000001040 L30_T18SUH_20130804T154216
000000032/000001040 L30_T18SUH_20140316T154045
000000052/000001040 L30_T18SUH_20140924T154020
000000072/000001040 L30_T18SUH_20150411T154549
000000092/000001040 L30_T18SUH_20150918T154624
000000112/000001040 L30_T18SUH_20160422T153947
000000132/000001040 L30_T18SUH_20161015T154036
000000152/000001040 L30_T18SUH_20170409T153946
000000172/000001040 L30_T18SUH_20171009T154643
000000192/000001040 L30_T18SUH_20180428T153927
000000212/000001040 L30_T18SUH_20181122T154012
000000232/000001040 L30_T18SUH_20190602T154000
000000252/000001040 L30_T18SUH_20191211T154034
000000272/000001040 L30_T18SUH_20200713T154618
000000292/000001040 L30_T18SUH_20210303T154014
000000312/000001040 L30_T18SUH_20210826T154027
000000332/000001040 L30_T18SUH_20220124T154636
000000352/000001040 L30_T18SUH_20220430T154613
000000372/000001040 L30_T18SUH_20220727T154627
000000392/000001040 L30_T18SUH_20221023T154703
000000412/000001040 L30_T18SUH_20230205T154038
000000432/000001040 L30_T18SUH_20230512T153933
000000452/000001040 L30_T18SUH_20230823T154626
000000472/000001040 L30_T18SUH_20231127T154641
000000492/000001040 L30_T18SUH_20240311T154007
000000512/000001040 L30_T18SUH_20240801T154556
000000532/000001040 L30_T18SUJ_20130703T154151
000000552/000001040 L30_T18SUJ_20140212T154044
000000572/000001040 L30_T18SUJ_20140807T153953
000000592/000001040 L30_T18SUJ_20150319T153926
000000612/000001040 L30_T18SUJ_20150826T153939
000000632/000001040 L30_T18SUJ_20160328T154544
000000652/000001040 L30_T18SUJ_20160913T154006
000000672/000001040 L30_T18SUJ_20170308T153939
000000692/000001040 L30_T18SUJ_20170916T153959
000000712/000001040 L30_T18SUJ_20180327T153921
000000732/000001040 L30_T18SUJ_20181012T154552
000000752/000001040 L30_T18SUJ_20190508T154533
000000772/000001040 L30_T18SUJ_20191116T154623
000000792/000001040 L30_T18SUJ_20200620T153934
000000812/000001040 L30_T18SUJ_20210121T154611
000000832/000001040 L30_T18SUJ_20210725T153952
000000852/000001040 L30_T18SUJ_20211224T154009
000000872/000001040 L30_T18SUJ_20220415T153942
000000892/000001040 L30_T18SUJ_20220712T154005
000000912/000001040 L30_T18SUJ_20221007T154638
000000932/000001040 L30_T18SUJ_20230120T154011
000000952/000001040 L30_T18SUJ_20230503T154529
000000972/000001040 L30_T18SUJ_20230808T153938
000000992/000001040 L30_T18SUJ_20231111T154611
000001012/000001040 L30_T18SUJ_20240216T154005
000001032/000001040 L30_T18SUJ_20240818T153936
Google Earth Engine API initialized successfully.
The reference layer has been downloaded with the first image from the GEE archive.
Start downloading the HLS data from 2013-04-11 to 2024-12-31:
000000012/000000597 S30_T18SUH_20160401T154922
000000032/000000597 S30_T18SUH_20160928T160122
000000052/000000597 S30_T18SUH_20170320T161211
000000072/000000597 S30_T18SUH_20170903T160131
000000092/000000597 S30_T18SUH_20171210T160639
000000112/000000597 S30_T18SUH_20190524T155829
000000132/000000597 S30_T18SUH_20201015T160149
000000152/000000597 S30_T18SUH_20230607T155821
000000172/000000597 S30_T18SUH_20230826T155831
000000192/000000597 S30_T18SUH_20231104T160431
000000212/000000597 S30_T18SUH_20240108T160639
000000232/000000597 S30_T18SUH_20240320T154941
000000252/000000597 S30_T18SUH_20240608T154941
000000272/000000597 S30_T18SUH_20240731T155901
000000292/000000597 S30_T18SUH_20241004T160029
000000312/000000597 S30_T18SUJ_20160630T155412
000000332/000000597 S30_T18SUJ_20161120T160552
000000352/000000597 S30_T18SUJ_20170615T160131
000000372/000000597 S30_T18SUJ_20170926T160021
000000392/000000597 S30_T18SUJ_20180101T160121
000000412/000000597 S30_T18SUJ_20190618T155911
000000432/000000597 S30_T18SUJ_20201027T155341
000000452/000000597 S30_T18SUJ_20230607T155821
000000472/000000597 S30_T18SUJ_20230816T155911
000000492/000000597 S30_T18SUJ_20231025T160331
000000512/000000597 S30_T18SUJ_20231221T155651
000000532/000000597 S30_T18SUJ_20240308T155959
000000552/000000597 S30_T18SUJ_20240529T154941
000000572/000000597 S30_T18SUJ_20240721T155901
000000592/000000597 S30_T18SUJ_20240914T155819
Google Earth Engine API initialized successfully.
The reference layer has been downloaded with the first image from the GEE archive.
Start downloading the HLS data from 2013-04-11 to 2024-12-31:
000000012/000000492 L30_T19TEK_20140327T152022
000000032/000000492 L30_T19TEK_20150720T151942
000000052/000000492 L30_T19TEK_20160823T152016
000000072/000000492 L30_T19TEK_20171216T152019
000000092/000000492 L30_T19TEK_20190104T152000
000000112/000000492 L30_T19TEK_20200327T151952
000000132/000000492 L30_T19TEK_20210517T151944
000000152/000000492 L30_T19TEK_20220317T152002
000000172/000000492 L30_T19TEK_20221019T152035
000000192/000000492 L30_T19TEK_20230531T151936
000000212/000000492 L30_T19TEK_20240203T152013
000000232/000000492 L30_T19TEK_20241117T152010
000000252/000000492 L30_T19TEL_20140615T151950
000000272/000000492 L30_T19TEL_20150625T152514
000000292/000000492 L30_T19TEL_20160722T151943
000000312/000000492 L30_T19TEL_20171029T152002
000000332/000000492 L30_T19TEL_20180914T151921
000000352/000000492 L30_T19TEL_20191019T152008
000000372/000000492 L30_T19TEL_20200919T152000
000000392/000000492 L30_T19TEL_20211008T152008
000000412/000000492 L30_T19TEL_20220528T151914
000000432/000000492 L30_T19TEL_20221206T152010
000000452/000000492 L30_T19TEL_20230718T151920
000000472/000000492 L30_T19TEL_20240227T151952
000000492/000000492 L30_T19TEL_20241219T151945
Google Earth Engine API initialized successfully.
The reference layer has been downloaded with the first image from the GEE archive.
Start downloading the HLS data from 2013-04-11 to 2024-12-31:
000000012/000000505 S30_T19TEK_20161002T153552
000000032/000000505 S30_T19TEK_20170709T153601
000000052/000000505 S30_T19TEK_20171203T152621
000000072/000000505 S30_T19TEK_20181007T153549
000000092/000000505 S30_T19TEK_20200302T152621
000000112/000000505 S30_T19TEK_20210526T152631
000000132/000000505 S30_T19TEK_20230623T153559
000000152/000000505 S30_T19TEK_20230901T153559
000000172/000000505 S30_T19TEK_20231127T152619
000000192/000000505 S30_T19TEK_20240215T152629
000000212/000000505 S30_T19TEK_20240505T152629
000000232/000000505 S30_T19TEK_20240704T152629
000000252/000000505 S30_T19TEK_20240910T153551
000000272/000000505 S30_T19TEL_20160912T153552
000000292/000000505 S30_T19TEL_20170711T152629
000000312/000000505 S30_T19TEL_20171216T153641
000000332/000000505 S30_T19TEL_20190616T152631
000000352/000000505 S30_T19TEL_20200325T153551
000000372/000000505 S30_T19TEL_20211021T153559
000000392/000000505 S30_T19TEL_20230723T153559
000000412/000000505 S30_T19TEL_20231008T152629
000000432/000000505 S30_T19TEL_20240114T153611
000000452/000000505 S30_T19TEL_20240331T152621
000000472/000000505 S30_T19TEL_20240612T153601
000000492/000000505 S30_T19TEL_20240823T152629
Google Earth Engine API initialized successfully.
The reference layer has been downloaded with the first image from the GEE archive.
Start downloading the HLS data from 2013-04-11 to 2024-12-31:
000000012/000000614 L30_T11SNC_20131114T182239
000000032/000000614 L30_T11SNC_20141016T182111
000000052/000000614 L30_T11SNC_20150901T182046
000000072/000000614 L30_T11SNC_20160903T182109
000000092/000000614 L30_T11SNC_20170821T182102
000000112/000000614 L30_T11SNC_20180707T182004
000000132/000000614 L30_T11SNC_20190608T182044
000000152/000000614 L30_T11SNC_20200509T182021
000000172/000000614 L30_T11SNC_20210410T182040
000000192/000000614 L30_T11SNC_20211230T182114
000000212/000000614 L30_T11SNC_20220608T182029
000000232/000000614 L30_T11SNC_20221123T182130
000000252/000000614 L30_T11SNC_20230526T182026
000000272/000000614 L30_T11SNC_20231110T182105
000000292/000000614 L30_T11SNC_20240512T182031
000000312/000000614 L30_T11SPC_20130709T182257
000000332/000000614 L30_T11SPC_20140610T182038
000000352/000000614 L30_T11SPC_20150512T181959
000000372/000000614 L30_T11SPC_20160514T182030
000000392/000000614 L30_T11SPC_20170501T182014
000000412/000000614 L30_T11SPC_20180317T182030
000000432/000000614 L30_T11SPC_20190216T182041
000000452/000000614 L30_T11SPC_20200118T182107
000000472/000000614 L30_T11SPC_20201219T182117
000000492/000000614 L30_T11SPC_20211104T182122
000000512/000000614 L30_T11SPC_20220405T182053
000000532/000000614 L30_T11SPC_20220912T182113
000000552/000000614 L30_T11SPC_20230323T182102
000000572/000000614 L30_T11SPC_20230907T182056
000000592/000000614 L30_T11SPC_20240222T182101
000000612/000000614 L30_T11SPC_20241128T182109
Google Earth Engine API initialized successfully.
The reference layer has been downloaded with the first image from the GEE archive.
Start downloading the HLS data from 2013-04-11 to 2024-12-31:
000000012/000000723 S30_T11SNC_20160416T182252
000000032/000000723 S30_T11SNC_20160827T184332
000000052/000000723 S30_T11SNC_20170101T182742
000000072/000000723 S30_T11SNC_20170603T184331
000000092/000000723 S30_T11SNC_20170817T184329
000000112/000000723 S30_T11SNC_20171205T183729
000000132/000000723 S30_T11SNC_20180310T183151
000000152/000000723 S30_T11SNC_20190918T182021
000000172/000000723 S30_T11SNC_20200403T182919
000000192/000000723 S30_T11SNC_20230331T181921
000000212/000000723 S30_T11SNC_20230629T181921
000000232/000000723 S30_T11SNC_20230902T181919
000000252/000000723 S30_T11SNC_20231114T183629
000000272/000000723 S30_T11SNC_20240108T183741
000000292/000000723 S30_T11SNC_20240318T183101
000000312/000000723 S30_T11SNC_20240517T182921
000000332/000000723 S30_T11SNC_20240711T182919
000000352/000000723 S30_T11SNC_20240904T184101
000000372/000000723 S30_T11SPC_20160317T182242
000000392/000000723 S30_T11SPC_20160807T184332
000000412/000000723 S30_T11SPC_20161205T184332
000000432/000000723 S30_T11SPC_20170603T184331
000000452/000000723 S30_T11SPC_20170817T184329
000000472/000000723 S30_T11SPC_20171117T183311
000000492/000000723 S30_T11SPC_20180312T182129
000000512/000000723 S30_T11SPC_20191227T182751
000000532/000000723 S30_T11SPC_20200702T182919
000000552/000000723 S30_T11SPC_20230515T181919
000000572/000000723 S30_T11SPC_20230707T182919
000000592/000000723 S30_T11SPC_20230910T182931
000000612/000000723 S30_T11SPC_20231119T183651
000000632/000000723 S30_T11SPC_20240113T183729
000000652/000000723 S30_T11SPC_20240318T183101
000000672/000000723 S30_T11SPC_20240514T181921
000000692/000000723 S30_T11SPC_20240703T181921
000000712/000000723 S30_T11SPC_20240830T182919
Google Earth Engine API initialized successfully.
The reference layer has been downloaded with the first image from the GEE archive.
Start downloading the HLS data from 2013-04-11 to 2024-12-31:
000000012/000000320 L30_T13SCS_20131012T174110
000000032/000000320 L30_T13SCS_20140828T173921
000000052/000000320 L30_T13SCS_20150714T173850
000000072/000000320 L30_T13SCS_20160529T173856
000000092/000000320 L30_T13SCS_20170430T173834
000000112/000000320 L30_T13SCS_20180316T173850
000000132/000000320 L30_T13SCS_20190130T173903
000000152/000000320 L30_T13SCS_20191216T173934
000000172/000000320 L30_T13SCS_20201031T173936
000000192/000000320 L30_T13SCS_20211002T173939
000000212/000000320 L30_T13SCS_20220319T173917
000000232/000000320 L30_T13SCS_20220903T173949
000000252/000000320 L30_T13SCS_20230210T173936
000000272/000000320 L30_T13SCS_20230720T173859
000000292/000000320 L30_T13SCS_20240104T173931
000000312/000000320 L30_T13SCS_20240815T173852
Google Earth Engine API initialized successfully.
The reference layer has been downloaded with the first image from the GEE archive.
Start downloading the HLS data from 2013-04-11 to 2024-12-31:
000000012/000000337 S30_T13SCS_20160613T173912
000000032/000000337 S30_T13SCS_20161220T174732
000000052/000000337 S30_T13SCS_20170711T174911
000000072/000000337 S30_T13SCS_20171113T175559
000000092/000000337 S30_T13SCS_20180323T175009
000000112/000000337 S30_T13SCS_20200114T174701
000000132/000000337 S30_T13SCS_20200712T173911
000000152/000000337 S30_T13SCS_20230516T174909
000000172/000000337 S30_T13SCS_20230705T174909
000000192/000000337 S30_T13SCS_20230905T173911
000000212/000000337 S30_T13SCS_20231109T174549
000000232/000000337 S30_T13SCS_20231229T174739
000000252/000000337 S30_T13SCS_20240225T175321
000000272/000000337 S30_T13SCS_20240417T173909
000000292/000000337 S30_T13SCS_20240606T173909
000000312/000000337 S30_T13SCS_20240731T173911
000000332/000000337 S30_T13SCS_20240924T173959
Finished!
