cn508
Google Earth Engine API initialized successfully.
The reference layer has been downloaded with the first image from the GEE archive.
Start downloading the HLS data from 2013-04-11 to 2024-12-31:
000000004/000001040 L30_T18SUH_20130516T154215
000000024/000001040 L30_T18SUH_20131124T154152
000000044/000001040 L30_T18SUH_20140627T154610
000000064/000001040 L30_T18SUH_20150105T154629
000000084/000001040 L30_T18SUH_20150716T154600
000000104/000001040 L30_T18SUH_20160124T154631
000000124/000001040 L30_T18SUH_20160803T154628
000000144/000001040 L30_T18SUH_20170126T154632
000000164/000001040 L30_T18SUH_20170730T154013
000000184/000001040 L30_T18SUH_20180122T154015
000000204/000001040 L30_T18SUH_20180818T153943
000000224/000001040 L30_T18SUH_20190330T153949
000000244/000001040 L30_T18SUH_20190922T154035
000000264/000001040 L30_T18SUH_20200510T154550
000000284/000001040 L30_T18SUH_20201118T154645
000000304/000001040 L30_T18SUH_20210614T154617
000000324/000001040 L30_T18SUH_20211124T154603
000000344/000001040 L30_T18SUH_20220321T154626
000000364/000001040 L30_T18SUH_20220625T154620
000000384/000001040 L30_T18SUH_20220914T154053
000000404/000001040 L30_T18SUH_20221227T154041
000000424/000001040 L30_T18SUH_20230410T153950
000000444/000001040 L30_T18SUH_20230722T154610
000000464/000001040 L30_T18SUH_20231019T154024
000000484/000001040 L30_T18SUH_20240122T154640
000000504/000001040 L30_T18SUH_20240622T154541
000000524/000001040 L30_T18SUJ_20130414T154141
000000544/000001040 L30_T18SUJ_20131030T154746
000000564/000001040 L30_T18SUJ_20140604T153930
000000584/000001040 L30_T18SUJ_20141204T154613
000000604/000001040 L30_T18SUJ_20150623T153911
000000624/000001040 L30_T18SUJ_20151207T154610
000000644/000001040 L30_T18SUJ_20160711T153948
000000664/000001040 L30_T18SUJ_20161225T154617
000000684/000001040 L30_T18SUJ_20170705T154550
000000704/000001040 L30_T18SUJ_20171228T154613
000000724/000001040 L30_T18SUJ_20180717T153903
000000744/000001040 L30_T18SUJ_20190226T153934
000000764/000001040 L30_T18SUJ_20190812T154610
000000784/000001040 L30_T18SUJ_20200408T154541
000000804/000001040 L30_T18SUJ_20201001T154622
000000824/000001040 L30_T18SUJ_20210513T154537
000000844/000001040 L30_T18SUJ_20211114T154044
000000864/000001040 L30_T18SUJ_20220305T154604
000000884/000001040 L30_T18SUJ_20220610T153959
000000904/000001040 L30_T18SUJ_20220829T154024
000000924/000001040 L30_T18SUJ_20221218T154629
000000944/000001040 L30_T18SUJ_20230401T154549
000000964/000001040 L30_T18SUJ_20230707T153925
000000984/000001040 L30_T18SUJ_20231010T154612
000001004/000001040 L30_T18SUJ_20231230T154010
000001024/000001040 L30_T18SUJ_20240630T154512
Google Earth Engine API initialized successfully.
The reference layer has been downloaded with the first image from the GEE archive.
Start downloading the HLS data from 2013-04-11 to 2024-12-31:
000000004/000000597 S30_T18SUH_20160105T161212
000000024/000000597 S30_T18SUH_20160730T160132
000000044/000000597 S30_T18SUH_20161220T160652
000000064/000000597 S30_T18SUH_20170713T161219
000000084/000000597 S30_T18SUH_20171028T160119
000000104/000000597 S30_T18SUH_20180310T160039
000000124/000000597 S30_T18SUH_20200301T155151
000000144/000000597 S30_T18SUH_20230515T154811
000000164/000000597 S30_T18SUH_20230717T155911
000000184/000000597 S30_T18SUH_20231007T155039
000000204/000000597 S30_T18SUH_20231216T155649
000000224/000000597 S30_T18SUH_20240224T155139
000000244/000000597 S30_T18SUH_20240507T155819
000000264/000000597 S30_T18SUH_20240708T154941
000000284/000000597 S30_T18SUH_20240904T155819
000000304/000000597 S30_T18SUJ_20160414T155922
000000324/000000597 S30_T18SUJ_20160918T154922
000000344/000000597 S30_T18SUJ_20170317T154951
000000364/000000597 S30_T18SUJ_20170804T154911
000000384/000000597 S30_T18SUJ_20171112T155511
000000404/000000597 S30_T18SUJ_20180511T154911
000000424/000000597 S30_T18SUJ_20200223T160241
000000444/000000597 S30_T18SUJ_20230515T154811
000000464/000000597 S30_T18SUJ_20230714T154941
000000484/000000597 S30_T18SUJ_20231002T155101
000000504/000000597 S30_T18SUJ_20231129T160619
000000524/000000597 S30_T18SUJ_20240209T155411
000000544/000000597 S30_T18SUJ_20240422T155821
000000564/000000597 S30_T18SUJ_20240701T160031
000000584/000000597 S30_T18SUJ_20240822T154809
Google Earth Engine API initialized successfully.
The reference layer has been downloaded with the first image from the GEE archive.
Start downloading the HLS data from 2013-04-11 to 2024-12-31:
000000004/000000492 L30_T19TEK_20130730T152208
000000024/000000492 L30_T19TEK_20141208T152015
000000044/000000492 L30_T19TEK_20160229T152001
000000064/000000492 L30_T19TEK_20170810T152009
000000084/000000492 L30_T19TEK_20180813T151933
000000104/000000492 L30_T19TEK_20191019T152031
000000124/000000492 L30_T19TEK_20210109T152021
000000144/000000492 L30_T19TEK_20211125T152029
000000164/000000492 L30_T19TEK_20220808T152037
000000184/000000492 L30_T19TEK_20230224T152024
000000204/000000492 L30_T19TEK_20230928T152015
000000224/000000492 L30_T19TEK_20240618T151916
000000244/000000492 L30_T19TEL_20131103T152129
000000264/000000492 L30_T19TEL_20141122T151954
000000284/000000492 L30_T19TEL_20160128T151948
000000304/000000492 L30_T19TEL_20170607T151923
000000324/000000492 L30_T19TEL_20180610T151834
000000344/000000492 L30_T19TEL_20190528T151926
000000364/000000492 L30_T19TEL_20200514T151909
000000384/000000492 L30_T19TEL_20210602T151929
000000404/000000492 L30_T19TEL_20220221T151952
000000424/000000492 L30_T19TEL_20220925T152023
000000444/000000492 L30_T19TEL_20230507T151907
000000464/000000492 L30_T19TEL_20231123T152001
000000484/000000492 L30_T19TEL_20240805T151915
Google Earth Engine API initialized successfully.
The reference layer has been downloaded with the first image from the GEE archive.
Start downloading the HLS data from 2013-04-11 to 2024-12-31:
000000004/000000505 S30_T19TEK_20160405T153552
000000024/000000505 S30_T19TEK_20170311T153551
000000044/000000505 S30_T19TEK_20171004T152621
000000064/000000505 S30_T19TEK_20180316T153551
000000084/000000505 S30_T19TEK_20191226T153641
000000104/000000505 S30_T19TEK_20200908T152631
000000124/000000505 S30_T19TEK_20230524T153559
000000144/000000505 S30_T19TEK_20230807T153601
000000164/000000505 S30_T19TEK_20231023T152621
000000184/000000505 S30_T19TEK_20240119T153559
000000204/000000505 S30_T19TEK_20240408T153559
000000224/000000505 S30_T19TEK_20240609T152631
000000244/000000505 S30_T19TEK_20240816T153559
000000264/000000505 S30_T19TEL_20160405T153552
000000284/000000505 S30_T19TEL_20170311T153551
000000304/000000505 S30_T19TEL_20171017T153601
000000324/000000505 S30_T19TEL_20180510T153559
000000344/000000505 S30_T19TEL_20200209T153549
000000364/000000505 S30_T19TEL_20201018T152631
000000384/000000505 S30_T19TEL_20230623T153559
000000404/000000505 S30_T19TEL_20230903T152631
000000424/000000505 S30_T19TEL_20231205T153621
000000444/000000505 S30_T19TEL_20240225T152629
000000464/000000505 S30_T19TEL_20240513T153601
000000484/000000505 S30_T19TEL_20240722T153601
000000504/000000505 S30_T19TEL_20240930T153601
Google Earth Engine API initialized successfully.
The reference layer has been downloaded with the first image from the GEE archive.
Start downloading the HLS data from 2013-04-11 to 2024-12-31:
000000004/000000614 L30_T11SNC_20130623T182253
000000024/000000614 L30_T11SNC_20140525T182028
000000044/000000614 L30_T11SNC_20150426T182015
000000064/000000614 L30_T11SNC_20160412T182033
000000084/000000614 L30_T11SNC_20170415T182024
000000104/000000614 L30_T11SNC_20180301T182039
000000124/000000614 L30_T11SNC_20190131T182043
000000144/000000614 L30_T11SNC_20200102T182110
000000164/000000614 L30_T11SNC_20201203T182118
000000184/000000614 L30_T11SNC_20211019T182123
000000204/000000614 L30_T11SNC_20220405T182053
000000224/000000614 L30_T11SNC_20220912T182113
000000244/000000614 L30_T11SNC_20230323T182102
000000264/000000614 L30_T11SNC_20230907T182056
000000284/000000614 L30_T11SNC_20240222T182101
000000304/000000614 L30_T11SNC_20241128T182109
000000324/000000614 L30_T11SPC_20140202T182200
000000344/000000614 L30_T11SPC_20150104T182100
000000364/000000614 L30_T11SPC_20151120T182106
000000384/000000614 L30_T11SPC_20161122T182118
000000404/000000614 L30_T11SPC_20171109T182113
000000424/000000614 L30_T11SPC_20180925T182038
000000444/000000614 L30_T11SPC_20190827T182108
000000464/000000614 L30_T11SPC_20200728T182053
000000484/000000614 L30_T11SPC_20210629T182051
000000504/000000614 L30_T11SPC_20220131T182113
000000524/000000614 L30_T11SPC_20220710T182047
000000544/000000614 L30_T11SPC_20221225T182121
000000564/000000614 L30_T11SPC_20230705T182037
000000584/000000614 L30_T11SPC_20231212T182107
000000604/000000614 L30_T11SPC_20240629T182005
Google Earth Engine API initialized successfully.
The reference layer has been downloaded with the first image from the GEE archive.
Start downloading the HLS data from 2013-04-11 to 2024-12-31:
000000004/000000723 S30_T11SNC_20151228T183312
000000024/000000723 S30_T11SNC_20160705T183312
000000044/000000723 S30_T11SNC_20161105T183542
000000064/000000723 S30_T11SNC_20170404T184331
000000084/000000723 S30_T11SNC_20170725T183309
000000104/000000723 S30_T11SNC_20171021T184331
000000124/000000723 S30_T11SNC_20180203T183549
000000144/000000723 S30_T11SNC_20180928T182129
000000164/000000723 S30_T11SNC_20200203T183549
000000184/000000723 S30_T11SNC_20210326T181919
000000204/000000723 S30_T11SNC_20230609T181921
000000224/000000723 S30_T11SNC_20230729T181921
000000244/000000723 S30_T11SNC_20231020T183411
000000264/000000723 S30_T11SNC_20231216T182751
000000284/000000723 S30_T11SNC_20240217T183431
000000304/000000723 S30_T11SNC_20240422T182919
000000324/000000723 S30_T11SNC_20240618T181919
000000344/000000723 S30_T11SNC_20240815T182921
000000364/000000723 S30_T11SPC_20151218T182802
000000384/000000723 S30_T11SPC_20160618T182922
000000404/000000723 S30_T11SPC_20161023T182422
000000424/000000723 S30_T11SPC_20170312T182131
000000444/000000723 S30_T11SPC_20170725T183309
000000464/000000723 S30_T11SPC_20171018T182351
000000484/000000723 S30_T11SPC_20180121T182649
000000504/000000723 S30_T11SPC_20190203T183551
000000524/000000723 S30_T11SPC_20200309T183151
000000544/000000723 S30_T11SPC_20210324T183021
000000564/000000723 S30_T11SPC_20230617T182919
000000584/000000723 S30_T11SPC_20230816T182919
000000604/000000723 S30_T11SPC_20231022T182419
000000624/000000723 S30_T11SPC_20231221T182759
000000644/000000723 S30_T11SPC_20240217T183431
000000664/000000723 S30_T11SPC_20240417T182921
000000684/000000723 S30_T11SPC_20240613T181921
000000704/000000723 S30_T11SPC_20240810T182919
Google Earth Engine API initialized successfully.
The reference layer has been downloaded with the first image from the GEE archive.
Start downloading the HLS data from 2013-04-11 to 2024-12-31:
000000004/000000320 L30_T13SCS_20130530T173513
000000024/000000320 L30_T13SCS_20140422T173910
000000044/000000320 L30_T13SCS_20150308T173857
000000064/000000320 L30_T13SCS_20160122T173922
000000084/000000320 L30_T13SCS_20161223T173931
000000104/000000320 L30_T13SCS_20171108T173934
000000124/000000320 L30_T13SCS_20180924T173858
000000144/000000320 L30_T13SCS_20190810T173924
000000164/000000320 L30_T13SCS_20200625T173901
000000184/000000320 L30_T13SCS_20210511T173850
000000204/000000320 L30_T13SCS_20220114T173931
000000224/000000320 L30_T13SCS_20220701T173932
000000244/000000320 L30_T13SCS_20221208T173950
000000264/000000320 L30_T13SCS_20230517T173832
000000284/000000320 L30_T13SCS_20231101T173925
000000304/000000320 L30_T13SCS_20240511T173852
Google Earth Engine API initialized successfully.
The reference layer has been downloaded with the first image from the GEE archive.
Start downloading the HLS data from 2013-04-11 to 2024-12-31:
000000004/000000337 S30_T13SCS_20160108T175722
000000024/000000337 S30_T13SCS_20161024T175412
000000044/000000337 S30_T13SCS_20170320T174021
000000064/000000337 S30_T13SCS_20171001T174119
000000084/000000337 S30_T13SCS_20180201T175539
000000104/000000337 S30_T13SCS_20190807T173911
000000124/000000337 S30_T13SCS_20200324T173951
000000144/000000337 S30_T13SCS_20210720T174911
000000164/000000337 S30_T13SCS_20230615T174909
000000184/000000337 S30_T13SCS_20230814T174909
000000204/000000337 S30_T13SCS_20231008T175231
000000224/000000337 S30_T13SCS_20231209T174729
000000244/000000337 S30_T13SCS_20240205T175531
000000264/000000337 S30_T13SCS_20240328T173859
000000284/000000337 S30_T13SCS_20240517T173859
000000304/000000337 S30_T13SCS_20240709T174909
000000324/000000337 S30_T13SCS_20240830T173901
Finished!
