cn510
Google Earth Engine API initialized successfully.
The reference layer has been downloaded with the first image from the GEE archive.
Start downloading the HLS data from 2013-04-11 to 2024-12-31:
000000000/000000052 L30_T18SUH_20130827T154829
000000001/000000052 L30_T18SUH_20140417T154011
000000002/000000052 L30_T18SUH_20141017T154641
000000003/000000052 L30_T18SUH_20150506T153923
000000004/000000052 L30_T18SUH_20151020T154630
000000005/000000052 L30_T18SUH_20160524T153953
000000006/000000052 L30_T18SUH_20161107T154647
000000007/000000052 L30_T18SUH_20170518T154555
000000008/000000052 L30_T18SUH_20171103T154033
000000009/000000052 L30_T18SUH_20180521T154523
000000010/000000052 L30_T18SUH_20181224T154008
000000011/000000052 L30_T18SUH_20190625T154619
000000012/000000052 L30_T18SUH_20200112T154027
000000013/000000052 L30_T18SUH_20200807T154014
000000014/000000052 L30_T18SUH_20210326T154614
000000015/000000052 L30_T18SUH_20210918T154644
000000016/000000052 L30_T18SUH_20220209T154633
000000017/000000052 L30_T18SUH_20220516T154623
000000018/000000052 L30_T18SUH_20220805T154023
000000019/000000052 L30_T18SUH_20221109T154043
000000020/000000052 L30_T18SUH_20230221T154024
000000021/000000052 L30_T18SUH_20230528T153934
000000022/000000052 L30_T18SUH_20230908T154626
000000023/000000052 L30_T18SUH_20231206T154021
000000024/000000052 L30_T18SUH_20240412T153950
000000025/000000052 L30_T18SUH_20241013T154015
000000026/000000052 L30_T18SUJ_20130804T154152
000000027/000000052 L30_T18SUJ_20140316T154021
000000028/000000052 L30_T18SUJ_20140924T153956
000000029/000000052 L30_T18SUJ_20150411T154525
000000030/000000052 L30_T18SUJ_20150918T154600
000000031/000000052 L30_T18SUJ_20160422T153923
000000032/000000052 L30_T18SUJ_20161015T154012
000000033/000000052 L30_T18SUJ_20170409T153922
000000034/000000052 L30_T18SUJ_20171009T154643
000000035/000000052 L30_T18SUJ_20180428T153903
000000036/000000052 L30_T18SUJ_20181122T153948
000000037/000000052 L30_T18SUJ_20190602T153936
000000038/000000052 L30_T18SUJ_20191211T154010
000000039/000000052 L30_T18SUJ_20200713T154554
000000040/000000052 L30_T18SUJ_20210303T153950
000000041/000000052 L30_T18SUJ_20210826T154003
000000042/000000052 L30_T18SUJ_20220124T154612
000000043/000000052 L30_T18SUJ_20220430T154549
000000044/000000052 L30_T18SUJ_20220727T154603
000000045/000000052 L30_T18SUJ_20221023T154639
000000046/000000052 L30_T18SUJ_20230205T154014
000000047/000000052 L30_T18SUJ_20230512T153910
000000048/000000052 L30_T18SUJ_20230823T154602
000000049/000000052 L30_T18SUJ_20231127T154617
000000050/000000052 L30_T18SUJ_20240404T153952
000000051/000000052 L30_T18SUJ_20241029T154000
Google Earth Engine API initialized successfully.
The reference layer has been downloaded with the first image from the GEE archive.
Start downloading the HLS data from 2013-04-11 to 2024-12-31:
000000004/000000030 S30_T18SUH_20180101T160121
000000005/000000030 S30_T18SUH_20191018T155249
000000006/000000030 S30_T18SUH_20210415T154901
000000007/000000030 S30_T18SUH_20230617T155821
000000008/000000030 S30_T18SUH_20230905T155821
000000009/000000030 S30_T18SUH_20231114T160521
000000010/000000030 S30_T18SUH_20240120T155551
000000011/000000030 S30_T18SUH_20240404T154819
000000012/000000030 S30_T18SUH_20240616T155819
000000013/000000030 S30_T18SUH_20240807T154941
000000014/000000030 S30_T18SUJ_20160102T155642
000000015/000000030 S30_T18SUJ_20160713T155912
000000016/000000030 S30_T18SUJ_20161210T161212
000000017/000000030 S30_T18SUJ_20170628T161211
000000018/000000030 S30_T18SUJ_20171006T161211
000000019/000000030 S30_T18SUJ_20180114T161211
000000020/000000030 S30_T18SUJ_20190807T155911
000000021/000000030 S30_T18SUJ_20210425T154901
000000022/000000030 S30_T18SUJ_20230617T155821
000000023/000000030 S30_T18SUJ_20230831T155829
000000024/000000030 S30_T18SUJ_20231101T155411
000000025/000000030 S30_T18SUJ_20231231T155651
000000026/000000030 S30_T18SUJ_20240318T155859
000000027/000000030 S30_T18SUJ_20240608T154941
000000028/000000030 S30_T18SUJ_20240731T155901
000000029/000000030 S30_T18SUJ_20240921T154849
