cn510
Google Earth Engine API initialized successfully.
The reference layer has been downloaded with the first image from the GEE archive.
Start downloading the HLS data from 2013-04-11 to 2024-12-31:
000000000/000000052 L30_T18SUH_20130921T154211
000000001/000000052 L30_T18SUH_20140510T154603
000000002/000000052 L30_T18SUH_20141111T154030
000000003/000000052 L30_T18SUH_20150529T154531
000000004/000000052 L30_T18SUH_20151114T154022
000000005/000000052 L30_T18SUH_20160616T154608
000000006/000000052 L30_T18SUH_20161202T154035
000000007/000000052 L30_T18SUH_20170612T153957
000000008/000000052 L30_T18SUH_20171126T154637
000000009/000000052 L30_T18SUH_20180615T153909
000000010/000000052 L30_T18SUH_20190125T154003
000000011/000000052 L30_T18SUH_20190720T154014
000000012/000000052 L30_T18SUH_20200307T154622
000000013/000000052 L30_T18SUH_20200830T154635
000000014/000000052 L30_T18SUH_20210420T153955
000000015/000000052 L30_T18SUH_20211020T154652
000000016/000000052 L30_T18SUH_20220218T154018
000000017/000000052 L30_T18SUH_20220601T154627
000000018/000000052 L30_T18SUH_20220820T154659
000000019/000000052 L30_T18SUH_20221124T154700
000000020/000000052 L30_T18SUH_20230308T154636
000000021/000000052 L30_T18SUH_20230620T154555
000000022/000000052 L30_T18SUH_20230917T154020
000000023/000000052 L30_T18SUH_20231221T154647
000000024/000000052 L30_T18SUH_20240521T154532
000000025/000000052 L30_T18SUH_20241029T154024
000000026/000000052 L30_T18SUJ_20130827T154805
000000027/000000052 L30_T18SUJ_20140417T153947
000000028/000000052 L30_T18SUJ_20141017T154617
000000029/000000052 L30_T18SUJ_20150506T153859
000000030/000000052 L30_T18SUJ_20151020T154606
000000031/000000052 L30_T18SUJ_20160524T153929
000000032/000000052 L30_T18SUJ_20161107T154623
000000033/000000052 L30_T18SUJ_20170518T154531
000000034/000000052 L30_T18SUJ_20171103T154009
000000035/000000052 L30_T18SUJ_20180521T154459
000000036/000000052 L30_T18SUJ_20181224T153945
000000037/000000052 L30_T18SUJ_20190625T154555
000000038/000000052 L30_T18SUJ_20200112T154003
000000039/000000052 L30_T18SUJ_20200807T153950
000000040/000000052 L30_T18SUJ_20210326T154551
000000041/000000052 L30_T18SUJ_20210918T154620
000000042/000000052 L30_T18SUJ_20220209T154609
000000043/000000052 L30_T18SUJ_20220516T154559
000000044/000000052 L30_T18SUJ_20220805T153959
000000045/000000052 L30_T18SUJ_20221109T154019
000000046/000000052 L30_T18SUJ_20230221T154000
000000047/000000052 L30_T18SUJ_20230528T153911
000000048/000000052 L30_T18SUJ_20230908T154602
000000049/000000052 L30_T18SUJ_20231206T153957
000000050/000000052 L30_T18SUJ_20240529T154524
000000051/000000052 L30_T18SUJ_20241129T154638
Google Earth Engine API initialized successfully.
The reference layer has been downloaded with the first image from the GEE archive.
Start downloading the HLS data from 2013-04-11 to 2024-12-31:
000000000/000000029 S30_T18SUH_20160610T155412
000000001/000000029 S30_T18SUH_20161110T160502
000000002/000000029 S30_T18SUH_20170519T161221
000000003/000000029 S30_T18SUH_20171001T161159
000000004/000000029 S30_T18SUH_20180119T160559
000000005/000000029 S30_T18SUH_20191125T160611
000000006/000000029 S30_T18SUH_20210520T154809
000000007/000000029 S30_T18SUH_20230629T154819
000000008/000000029 S30_T18SUH_20230912T154841
000000009/000000029 S30_T18SUH_20231129T160619
000000010/000000029 S30_T18SUH_20240204T155449
000000011/000000029 S30_T18SUH_20240414T154809
000000012/000000029 S30_T18SUH_20240623T154819
000000013/000000029 S30_T18SUH_20240815T155819
000000014/000000029 S30_T18SUJ_20160125T161212
000000015/000000029 S30_T18SUJ_20160809T154912
000000016/000000029 S30_T18SUJ_20161230T160652
000000017/000000029 S30_T18SUJ_20170715T154911
000000018/000000029 S30_T18SUJ_20171021T161159
000000019/000000029 S30_T18SUJ_20180208T160419
000000020/000000029 S30_T18SUJ_20191023T155321
000000021/000000029 S30_T18SUJ_20210709T154819
000000022/000000029 S30_T18SUJ_20230627T155821
000000023/000000029 S30_T18SUJ_20230907T154819
000000024/000000029 S30_T18SUJ_20231111T155501
000000025/000000029 S30_T18SUJ_20240108T160639
000000026/000000029 S30_T18SUJ_20240330T154821
000000027/000000029 S30_T18SUJ_20240616T155819
000000028/000000029 S30_T18SUJ_20240807T154941
