cn509
Google Earth Engine API initialized successfully.
The reference layer has been downloaded with the first image from the GEE archive.
Start downloading the HLS data from 2013-04-11 to 2024-12-31:
000000000/000000052 L30_T18SUH_20130719T154213
000000001/000000052 L30_T18SUH_20140228T154055
000000002/000000052 L30_T18SUH_20140814T154630
000000003/000000052 L30_T18SUH_20150326T154557
000000004/000000052 L30_T18SUH_20150902T154615
000000005/000000052 L30_T18SUH_20160406T153954
000000006/000000052 L30_T18SUH_20160920T154641
000000007/000000052 L30_T18SUH_20170315T154610
000000008/000000052 L30_T18SUH_20170923T154638
000000009/000000052 L30_T18SUH_20180412T153936
000000010/000000052 L30_T18SUH_20181021T154008
000000011/000000052 L30_T18SUH_20190517T153951
000000012/000000052 L30_T18SUH_20191125T154035
000000013/000000052 L30_T18SUH_20200627T154612
000000014/000000052 L30_T18SUH_20210130T154024
000000015/000000052 L30_T18SUH_20210810T154023
000000016/000000052 L30_T18SUH_20220116T154641
000000017/000000052 L30_T18SUH_20220422T154612
000000018/000000052 L30_T18SUH_20220719T154643
000000019/000000052 L30_T18SUH_20221008T154038
000000020/000000052 L30_T18SUH_20230128T154041
000000021/000000052 L30_T18SUH_20230504T153954
000000022/000000052 L30_T18SUH_20230815T154613
000000023/000000052 L30_T18SUH_20231112T154026
000000024/000000052 L30_T18SUH_20240216T154029
000000025/000000052 L30_T18SUH_20240717T153948
000000026/000000052 L30_T18SUJ_20130617T154149
000000027/000000052 L30_T18SUJ_20131226T154142
000000028/000000052 L30_T18SUJ_20140722T153944
000000029/000000052 L30_T18SUJ_20150215T153940
000000030/000000052 L30_T18SUJ_20150810T153932
000000031/000000052 L30_T18SUJ_20160305T153945
000000032/000000052 L30_T18SUJ_20160828T154002
000000033/000000052 L30_T18SUJ_20170220T153947
000000034/000000052 L30_T18SUJ_20170831T153958
000000035/000000052 L30_T18SUJ_20180311T153928
000000036/000000052 L30_T18SUJ_20180919T153930
000000037/000000052 L30_T18SUJ_20190422T154527
000000038/000000052 L30_T18SUJ_20191024T154016
000000039/000000052 L30_T18SUJ_20200604T153924
000000040/000000052 L30_T18SUJ_20201229T154009
000000041/000000052 L30_T18SUJ_20210709T153946
000000042/000000052 L30_T18SUJ_20211216T154012
000000043/000000052 L30_T18SUJ_20220330T153949
000000044/000000052 L30_T18SUJ_20220704T153943
000000045/000000052 L30_T18SUJ_20220929T154624
000000046/000000052 L30_T18SUJ_20230111T154625
000000047/000000052 L30_T18SUJ_20230425T154551
000000048/000000052 L30_T18SUJ_20230731T153942
000000049/000000052 L30_T18SUJ_20231103T154610
000000050/000000052 L30_T18SUJ_20240208T153958
000000051/000000052 L30_T18SUJ_20240801T154532
Google Earth Engine API initialized successfully.
The reference layer has been downloaded with the first image from the GEE archive.
Start downloading the HLS data from 2013-04-11 to 2024-12-31:
000000000/000000030 S30_T18SUH_20160214T160352
000000001/000000030 S30_T18SUH_20160911T155902
000000002/000000030 S30_T18SUH_20170228T161211
000000003/000000030 S30_T18SUH_20170802T161219
000000004/000000030 S30_T18SUH_20171125T160611
000000005/000000030 S30_T18SUH_20181021T160311
000000006/000000030 S30_T18SUH_20200425T154809
000000007/000000030 S30_T18SUH_20230602T155819
000000008/000000030 S30_T18SUH_20230816T155911
000000009/000000030 S30_T18SUH_20231025T160331
000000010/000000030 S30_T18SUH_20240103T160651
000000011/000000030 S30_T18SUH_20240313T160031
000000012/000000030 S30_T18SUH_20240601T155911
000000013/000000030 S30_T18SUH_20240723T154819
000000014/000000030 S30_T18SUH_20240919T155931
000000015/000000030 S30_T18SUJ_20160613T161222
000000016/000000030 S30_T18SUJ_20161110T160502
000000017/000000030 S30_T18SUJ_20170529T155911
000000018/000000030 S30_T18SUJ_20170918T160119
000000019/000000030 S30_T18SUJ_20171210T160639
000000020/000000030 S30_T18SUJ_20190506T154911
000000021/000000030 S30_T18SUJ_20200408T155819
000000022/000000030 S30_T18SUJ_20230602T155819
000000023/000000030 S30_T18SUJ_20230806T155911
000000024/000000030 S30_T18SUJ_20231020T160209
000000025/000000030 S30_T18SUJ_20231216T155649
000000026/000000030 S30_T18SUJ_20240303T160141
000000027/000000030 S30_T18SUJ_20240522T155901
000000028/000000030 S30_T18SUJ_20240716T155819
000000029/000000030 S30_T18SUJ_20240909T155901
