cn507
Google Earth Engine API initialized successfully.
The reference layer has been downloaded with the first image from the GEE archive.
Start downloading the HLS data from 2013-04-11 to 2024-12-31:
000000018/000001040 L30_T18SUH_20130921T154211
000000038/000001040 L30_T18SUH_20140510T154603
000000058/000001040 L30_T18SUH_20141111T154030
000000078/000001040 L30_T18SUH_20150529T154531
000000098/000001040 L30_T18SUH_20151114T154022
000000118/000001040 L30_T18SUH_20160616T154608
000000138/000001040 L30_T18SUH_20161202T154035
000000158/000001040 L30_T18SUH_20170612T153957
000000178/000001040 L30_T18SUH_20171126T154637
000000198/000001040 L30_T18SUH_20180615T153909
000000218/000001040 L30_T18SUH_20190125T154003
000000238/000001040 L30_T18SUH_20190720T154014
000000258/000001040 L30_T18SUH_20200307T154622
000000278/000001040 L30_T18SUH_20200830T154635
000000298/000001040 L30_T18SUH_20210420T153955
000000318/000001040 L30_T18SUH_20211020T154652
000000338/000001040 L30_T18SUH_20220218T154018
000000358/000001040 L30_T18SUH_20220601T154627
000000378/000001040 L30_T18SUH_20220820T154659
000000398/000001040 L30_T18SUH_20221124T154700
000000418/000001040 L30_T18SUH_20230308T154636
000000438/000001040 L30_T18SUH_20230620T154555
000000458/000001040 L30_T18SUH_20230917T154020
000000478/000001040 L30_T18SUH_20231221T154647
000000498/000001040 L30_T18SUH_20240521T154532
000000518/000001040 L30_T18SUH_20241029T154024
000000538/000001040 L30_T18SUJ_20130827T154805
000000558/000001040 L30_T18SUJ_20140417T153947
000000578/000001040 L30_T18SUJ_20141017T154617
000000598/000001040 L30_T18SUJ_20150506T153859
000000618/000001040 L30_T18SUJ_20151020T154606
000000638/000001040 L30_T18SUJ_20160524T153929
000000658/000001040 L30_T18SUJ_20161107T154623
000000678/000001040 L30_T18SUJ_20170518T154531
000000698/000001040 L30_T18SUJ_20171103T154009
000000718/000001040 L30_T18SUJ_20180521T154459
000000738/000001040 L30_T18SUJ_20181224T153945
000000758/000001040 L30_T18SUJ_20190625T154555
000000778/000001040 L30_T18SUJ_20200112T154003
000000798/000001040 L30_T18SUJ_20200807T153950
000000818/000001040 L30_T18SUJ_20210326T154551
000000838/000001040 L30_T18SUJ_20210918T154620
000000858/000001040 L30_T18SUJ_20220209T154609
000000878/000001040 L30_T18SUJ_20220516T154559
000000898/000001040 L30_T18SUJ_20220805T153959
000000918/000001040 L30_T18SUJ_20221109T154019
000000938/000001040 L30_T18SUJ_20230221T154000
000000958/000001040 L30_T18SUJ_20230528T153911
000000978/000001040 L30_T18SUJ_20230908T154602
000000998/000001040 L30_T18SUJ_20231206T153957
000001018/000001040 L30_T18SUJ_20240529T154524
000001038/000001040 L30_T18SUJ_20241129T154638
Google Earth Engine API initialized successfully.
The reference layer has been downloaded with the first image from the GEE archive.
Start downloading the HLS data from 2013-04-11 to 2024-12-31:
000000018/000000597 S30_T18SUH_20160610T155412
000000038/000000597 S30_T18SUH_20161110T160502
000000058/000000597 S30_T18SUH_20170519T161221
000000078/000000597 S30_T18SUH_20171001T161159
000000098/000000597 S30_T18SUH_20180119T160559
000000118/000000597 S30_T18SUH_20191125T160611
000000138/000000597 S30_T18SUH_20210520T154809
000000158/000000597 S30_T18SUH_20230629T154819
000000178/000000597 S30_T18SUH_20230912T154841
000000198/000000597 S30_T18SUH_20231129T160619
000000218/000000597 S30_T18SUH_20240204T155449
000000238/000000597 S30_T18SUH_20240414T154809
000000258/000000597 S30_T18SUH_20240623T154819
000000278/000000597 S30_T18SUH_20240815T155819
000000298/000000597 S30_T18SUJ_20160125T161212
000000318/000000597 S30_T18SUJ_20160809T154912
000000338/000000597 S30_T18SUJ_20161230T160652
000000358/000000597 S30_T18SUJ_20170715T154911
000000378/000000597 S30_T18SUJ_20171021T161159
000000398/000000597 S30_T18SUJ_20180208T160419
000000418/000000597 S30_T18SUJ_20191023T155321
000000438/000000597 S30_T18SUJ_20210709T154819
000000458/000000597 S30_T18SUJ_20230627T155821
000000478/000000597 S30_T18SUJ_20230907T154819
000000498/000000597 S30_T18SUJ_20231111T155501
000000518/000000597 S30_T18SUJ_20240108T160639
000000538/000000597 S30_T18SUJ_20240330T154821
000000558/000000597 S30_T18SUJ_20240616T155819
000000578/000000597 S30_T18SUJ_20240807T154941
Google Earth Engine API initialized successfully.
The reference layer has been downloaded with the first image from the GEE archive.
Start downloading the HLS data from 2013-04-11 to 2024-12-31:
000000018/000000492 L30_T19TEK_20140802T152007
000000038/000000492 L30_T19TEK_20151024T152013
000000058/000000492 L30_T19TEK_20170130T152011
000000078/000000492 L30_T19TEK_20180509T151913
000000098/000000492 L30_T19TEK_20190715T152004
000000118/000000492 L30_T19TEK_20200802T152005
000000138/000000492 L30_T19TEK_20210922T152026
000000158/000000492 L30_T19TEK_20220605T152011
000000178/000000492 L30_T19TEK_20221214T152037
000000198/000000492 L30_T19TEK_20230803T151952
000000218/000000492 L30_T19TEK_20240322T151951
000000238/000000492 L30_T19TEL_20130714T152143
000000258/000000492 L30_T19TEL_20140903T151951
000000278/000000492 L30_T19TEL_20150922T151943
000000298/000000492 L30_T19TEL_20161213T152001
000000318/000000492 L30_T19TEL_20180218T151931
000000338/000000492 L30_T19TEL_20190104T152000
000000358/000000492 L30_T19TEL_20200208T151947
000000378/000000492 L30_T19TEL_20210226T151944
000000398/000000492 L30_T19TEL_20211227T152000
000000418/000000492 L30_T19TEL_20220731T151947
000000438/000000492 L30_T19TEL_20230224T152000
000000458/000000492 L30_T19TEL_20230904T151942
000000478/000000492 L30_T19TEL_20240517T151912
Google Earth Engine API initialized successfully.
The reference layer has been downloaded with the first image from the GEE archive.
Start downloading the HLS data from 2013-04-11 to 2024-12-31:
000000018/000000505 S30_T19TEK_20161231T153632
000000038/000000505 S30_T19TEK_20170813T153559
000000058/000000505 S30_T19TEK_20180120T153549
000000078/000000505 S30_T19TEK_20190721T152639
000000098/000000505 S30_T19TEK_20200419T153549
000000118/000000505 S30_T19TEK_20230327T152621
000000138/000000505 S30_T19TEK_20230718T153601
000000158/000000505 S30_T19TEK_20231001T153559
000000178/000000505 S30_T19TEK_20231220T153649
000000198/000000505 S30_T19TEK_20240314T153601
000000218/000000505 S30_T19TEK_20240520T152631
000000238/000000505 S30_T19TEK_20240722T153601
000000258/000000505 S30_T19TEK_20240930T153601
000000278/000000505 S30_T19TEL_20161208T152622
000000298/000000505 S30_T19TEL_20170902T153549
000000318/000000505 S30_T19TEL_20180219T153549
000000338/000000505 S30_T19TEL_20191228T152639
000000358/000000505 S30_T19TEL_20200529T153559
000000378/000000505 S30_T19TEL_20230519T153601
000000398/000000505 S30_T19TEL_20230819T152629
000000418/000000505 S30_T19TEL_20231112T152621
000000438/000000505 S30_T19TEL_20240203T153551
000000458/000000505 S30_T19TEL_20240418T153559
000000478/000000505 S30_T19TEL_20240702T153601
000000498/000000505 S30_T19TEL_20240912T152629
Google Earth Engine API initialized successfully.
The reference layer has been downloaded with the first image from the GEE archive.
Start downloading the HLS data from 2013-04-11 to 2024-12-31:
000000018/000000614 L30_T11SNC_20140218T182146
000000038/000000614 L30_T11SNC_20150120T182056
000000058/000000614 L30_T11SNC_20151206T182105
000000078/000000614 L30_T11SNC_20161208T182115
000000098/000000614 L30_T11SNC_20171125T182108
000000118/000000614 L30_T11SNC_20181011T182046
000000138/000000614 L30_T11SNC_20190912T182113
000000158/000000614 L30_T11SNC_20200813T182057
000000178/000000614 L30_T11SNC_20210715T182052
000000198/000000614 L30_T11SNC_20220216T182108
000000218/000000614 L30_T11SNC_20220726T182057
000000238/000000614 L30_T11SNC_20230118T182116
000000258/000000614 L30_T11SNC_20230721T182040
000000278/000000614 L30_T11SNC_20231228T182108
000000298/000000614 L30_T11SNC_20240715T182024
000000318/000000614 L30_T11SPC_20131029T182240
000000338/000000614 L30_T11SPC_20140930T182106
000000358/000000614 L30_T11SPC_20150816T182040
000000378/000000614 L30_T11SPC_20160818T182103
000000398/000000614 L30_T11SPC_20170805T182057
000000418/000000614 L30_T11SPC_20180621T181955
000000438/000000614 L30_T11SPC_20190523T182036
000000458/000000614 L30_T11SPC_20200423T182029
000000478/000000614 L30_T11SPC_20210325T182045
000000498/000000614 L30_T11SPC_20211206T182119
000000518/000000614 L30_T11SPC_20220523T182028
000000538/000000614 L30_T11SPC_20221107T182135
000000558/000000614 L30_T11SPC_20230510T182036
000000578/000000614 L30_T11SPC_20231025T182109
000000598/000000614 L30_T11SPC_20240504T182016
Google Earth Engine API initialized successfully.
The reference layer has been downloaded with the first image from the GEE archive.
Start downloading the HLS data from 2013-04-11 to 2024-12-31:
000000018/000000723 S30_T11SNC_20160529T182922
000000038/000000723 S30_T11SNC_20161003T182212
000000058/000000723 S30_T11SNC_20170223T184321
000000078/000000723 S30_T11SNC_20170710T181921
000000098/000000723 S30_T11SNC_20171001T184331
000000118/000000723 S30_T11SNC_20171220T184321
000000138/000000723 S30_T11SNC_20180416T181921
000000158/000000723 S30_T11SNC_20191227T182751
000000178/000000723 S30_T11SNC_20201119T183649
000000198/000000723 S30_T11SNC_20230523T182921
000000218/000000723 S30_T11SNC_20230714T181919
000000238/000000723 S30_T11SNC_20230922T181959
000000258/000000723 S30_T11SNC_20231129T183721
000000278/000000723 S30_T11SNC_20240125T182631
000000298/000000723 S30_T11SNC_20240404T181911
000000318/000000723 S30_T11SNC_20240601T182919
000000338/000000723 S30_T11SNC_20240726T182921
000000358/000000723 S30_T11SNC_20240919T182939
000000378/000000723 S30_T11SPC_20160509T182922
000000398/000000723 S30_T11SPC_20160916T184332
000000418/000000723 S30_T11SPC_20170124T183641
000000438/000000723 S30_T11SPC_20170710T181921
000000458/000000723 S30_T11SPC_20171001T184331
000000478/000000723 S30_T11SPC_20171217T182751
000000498/000000723 S30_T11SPC_20180610T181919
000000518/000000723 S30_T11SPC_20200215T182431
000000538/000000723 S30_T11SPC_20201012T182321
000000558/000000723 S30_T11SPC_20230602T182921
000000578/000000723 S30_T11SPC_20230722T182921
000000598/000000723 S30_T11SPC_20231002T182109
000000618/000000723 S30_T11SPC_20231206T182731
000000638/000000723 S30_T11SPC_20240128T183621
000000658/000000723 S30_T11SPC_20240402T182919
000000678/000000723 S30_T11SPC_20240529T181919
000000698/000000723 S30_T11SPC_20240721T182919
000000718/000000723 S30_T11SPC_20240914T184101
Google Earth Engine API initialized successfully.
The reference layer has been downloaded with the first image from the GEE archive.
Start downloading the HLS data from 2013-04-11 to 2024-12-31:
000000018/000000320 L30_T13SCS_20140116T174026
000000038/000000320 L30_T13SCS_20141202T173928
000000058/000000320 L30_T13SCS_20151018T173919
000000078/000000320 L30_T13SCS_20160902T173929
000000098/000000320 L30_T13SCS_20170804T173916
000000118/000000320 L30_T13SCS_20180620T173814
000000138/000000320 L30_T13SCS_20190506T173845
000000158/000000320 L30_T13SCS_20200321T173905
000000178/000000320 L30_T13SCS_20210204T173924
000000198/000000320 L30_T13SCS_20211119T173937
000000218/000000320 L30_T13SCS_20220506T173859
000000238/000000320 L30_T13SCS_20221021T173952
000000258/000000320 L30_T13SCS_20230330T173905
000000278/000000320 L30_T13SCS_20230914T173922
000000298/000000320 L30_T13SCS_20240221T173923
000000318/000000320 L30_T13SCS_20241213T173917
Google Earth Engine API initialized successfully.
The reference layer has been downloaded with the first image from the GEE archive.
Start downloading the HLS data from 2013-04-11 to 2024-12-31:
000000018/000000337 S30_T13SCS_20160812T173912
000000038/000000337 S30_T13SCS_20170201T175541
000000058/000000337 S30_T13SCS_20170805T174909
000000078/000000337 S30_T13SCS_20171223T175739
000000098/000000337 S30_T13SCS_20181120T174631
000000118/000000337 S30_T13SCS_20200218T174359
000000138/000000337 S30_T13SCS_20201209T174731
000000158/000000337 S30_T13SCS_20230531T174911
000000178/000000337 S30_T13SCS_20230720T174911
000000198/000000337 S30_T13SCS_20230923T174949
000000218/000000337 S30_T13SCS_20231124T174641
000000238/000000337 S30_T13SCS_20240116T175701
000000258/000000337 S30_T13SCS_20240311T175029
000000278/000000337 S30_T13SCS_20240502T173911
000000298/000000337 S30_T13SCS_20240621T173911
000000318/000000337 S30_T13SCS_20240815T173909
Finished!
