cn508
Google Earth Engine API initialized successfully.
The reference layer has been downloaded with the first image from the GEE archive.
Start downloading the HLS data from 2013-04-11 to 2024-12-31:
000000010/000001040 L30_T18SUH_20130719T154213
000000030/000001040 L30_T18SUH_20140228T154055
000000050/000001040 L30_T18SUH_20140814T154630
000000070/000001040 L30_T18SUH_20150326T154557
000000090/000001040 L30_T18SUH_20150902T154615
000000110/000001040 L30_T18SUH_20160406T153954
000000130/000001040 L30_T18SUH_20160920T154641
000000150/000001040 L30_T18SUH_20170315T154610
000000170/000001040 L30_T18SUH_20170923T154638
000000190/000001040 L30_T18SUH_20180412T153936
000000210/000001040 L30_T18SUH_20181021T154008
000000230/000001040 L30_T18SUH_20190517T153951
000000250/000001040 L30_T18SUH_20191125T154035
000000270/000001040 L30_T18SUH_20200627T154612
000000290/000001040 L30_T18SUH_20210130T154024
000000310/000001040 L30_T18SUH_20210810T154023
000000330/000001040 L30_T18SUH_20220116T154641
000000350/000001040 L30_T18SUH_20220422T154612
000000370/000001040 L30_T18SUH_20220719T154643
000000390/000001040 L30_T18SUH_20221008T154038
000000410/000001040 L30_T18SUH_20230128T154041
000000430/000001040 L30_T18SUH_20230504T153954
000000450/000001040 L30_T18SUH_20230815T154613
000000470/000001040 L30_T18SUH_20231112T154026
000000490/000001040 L30_T18SUH_20240216T154029
000000510/000001040 L30_T18SUH_20240717T153948
000000530/000001040 L30_T18SUJ_20130617T154149
000000550/000001040 L30_T18SUJ_20131226T154142
000000570/000001040 L30_T18SUJ_20140722T153944
000000590/000001040 L30_T18SUJ_20150215T153940
000000610/000001040 L30_T18SUJ_20150810T153932
000000630/000001040 L30_T18SUJ_20160305T153945
000000650/000001040 L30_T18SUJ_20160828T154002
000000670/000001040 L30_T18SUJ_20170220T153947
000000690/000001040 L30_T18SUJ_20170831T153958
000000710/000001040 L30_T18SUJ_20180311T153928
000000730/000001040 L30_T18SUJ_20180919T153930
000000750/000001040 L30_T18SUJ_20190422T154527
000000770/000001040 L30_T18SUJ_20191024T154016
000000790/000001040 L30_T18SUJ_20200604T153924
000000810/000001040 L30_T18SUJ_20201229T154009
000000830/000001040 L30_T18SUJ_20210709T153946
000000850/000001040 L30_T18SUJ_20211216T154012
000000870/000001040 L30_T18SUJ_20220330T153949
000000890/000001040 L30_T18SUJ_20220704T153943
000000910/000001040 L30_T18SUJ_20220929T154624
000000930/000001040 L30_T18SUJ_20230111T154625
000000950/000001040 L30_T18SUJ_20230425T154551
000000970/000001040 L30_T18SUJ_20230731T153942
000000990/000001040 L30_T18SUJ_20231103T154610
000001010/000001040 L30_T18SUJ_20240208T153958
000001030/000001040 L30_T18SUJ_20240801T154532
Google Earth Engine API initialized successfully.
The reference layer has been downloaded with the first image from the GEE archive.
Start downloading the HLS data from 2013-04-11 to 2024-12-31:
000000010/000000597 S30_T18SUH_20160214T160352
000000030/000000597 S30_T18SUH_20160911T155902
000000050/000000597 S30_T18SUH_20170228T161211
000000070/000000597 S30_T18SUH_20170802T161219
000000090/000000597 S30_T18SUH_20171125T160611
000000110/000000597 S30_T18SUH_20181021T160311
000000130/000000597 S30_T18SUH_20200425T154809
000000150/000000597 S30_T18SUH_20230602T155819
000000170/000000597 S30_T18SUH_20230816T155911
000000190/000000597 S30_T18SUH_20231025T160331
000000210/000000597 S30_T18SUH_20240103T160651
000000230/000000597 S30_T18SUH_20240313T160031
000000250/000000597 S30_T18SUH_20240601T155911
000000270/000000597 S30_T18SUH_20240723T154819
000000290/000000597 S30_T18SUH_20240919T155931
000000310/000000597 S30_T18SUJ_20160613T161222
000000330/000000597 S30_T18SUJ_20161110T160502
000000350/000000597 S30_T18SUJ_20170529T155911
000000370/000000597 S30_T18SUJ_20170918T160119
000000390/000000597 S30_T18SUJ_20171210T160639
000000410/000000597 S30_T18SUJ_20190506T154911
000000430/000000597 S30_T18SUJ_20200408T155819
000000450/000000597 S30_T18SUJ_20230602T155819
000000470/000000597 S30_T18SUJ_20230806T155911
000000490/000000597 S30_T18SUJ_20231020T160209
000000510/000000597 S30_T18SUJ_20231216T155649
000000530/000000597 S30_T18SUJ_20240303T160141
000000550/000000597 S30_T18SUJ_20240522T155901
000000570/000000597 S30_T18SUJ_20240716T155819
000000590/000000597 S30_T18SUJ_20240909T155901
Google Earth Engine API initialized successfully.
The reference layer has been downloaded with the first image from the GEE archive.
Start downloading the HLS data from 2013-04-11 to 2024-12-31:
000000010/000000492 L30_T19TEK_20131119T152146
000000030/000000492 L30_T19TEK_20150618T151926
000000050/000000492 L30_T19TEK_20160722T152007
000000070/000000492 L30_T19TEK_20171114T152023
000000090/000000492 L30_T19TEK_20181203T152002
000000110/000000492 L30_T19TEK_20200224T152007
000000130/000000492 L30_T19TEK_20210415T151949
000000150/000000492 L30_T19TEK_20220301T152009
000000170/000000492 L30_T19TEK_20221003T152029
000000190/000000492 L30_T19TEK_20230515T151944
000000210/000000492 L30_T19TEK_20231225T152028
000000230/000000492 L30_T19TEK_20240930T151957
000000250/000000492 L30_T19TEL_20140412T151946
000000270/000000492 L30_T19TEL_20150517T151909
000000290/000000492 L30_T19TEL_20160620T151928
000000310/000000492 L30_T19TEL_20170927T151957
000000330/000000492 L30_T19TEL_20180813T151909
000000350/000000492 L30_T19TEL_20190917T152001
000000370/000000492 L30_T19TEL_20200818T152010
000000390/000000492 L30_T19TEL_20210906T151959
000000410/000000492 L30_T19TEL_20220418T151934
000000430/000000492 L30_T19TEL_20221120T152012
000000450/000000492 L30_T19TEL_20230624T151914
000000470/000000492 L30_T19TEL_20240211T152001
000000490/000000492 L30_T19TEL_20241125T152000
Google Earth Engine API initialized successfully.
The reference layer has been downloaded with the first image from the GEE archive.
Start downloading the HLS data from 2013-04-11 to 2024-12-31:
000000010/000000505 S30_T19TEK_20160823T153602
000000030/000000505 S30_T19TEK_20170619T153601
000000050/000000505 S30_T19TEK_20171113T152621
000000070/000000505 S30_T19TEK_20180917T153549
000000090/000000505 S30_T19TEK_20200214T153551
000000110/000000505 S30_T19TEK_20210421T152619
000000130/000000505 S30_T19TEK_20230613T153559
000000150/000000505 S30_T19TEK_20230827T153601
000000170/000000505 S30_T19TEK_20231120T153549
000000190/000000505 S30_T19TEK_20240208T153559
000000210/000000505 S30_T19TEK_20240428T153559
000000230/000000505 S30_T19TEK_20240629T152631
000000250/000000505 S30_T19TEK_20240902T152629
000000270/000000505 S30_T19TEL_20160810T152632
000000290/000000505 S30_T19TEL_20170626T152621
000000310/000000505 S30_T19TEL_20171201T153609
000000330/000000505 S30_T19TEL_20190303T152629
000000350/000000505 S30_T19TEL_20200305T153551
000000370/000000505 S30_T19TEL_20210916T153601
000000390/000000505 S30_T19TEL_20230718T153601
000000410/000000505 S30_T19TEL_20231003T152631
000000430/000000505 S30_T19TEL_20240106T152629
000000450/000000505 S30_T19TEL_20240319T153559
000000470/000000505 S30_T19TEL_20240602T153601
000000490/000000505 S30_T19TEL_20240816T153559
Google Earth Engine API initialized successfully.
The reference layer has been downloaded with the first image from the GEE archive.
Start downloading the HLS data from 2013-04-11 to 2024-12-31:
000000010/000000614 L30_T11SNC_20131013T182249
000000030/000000614 L30_T11SNC_20140914T182106
000000050/000000614 L30_T11SNC_20150731T182034
000000070/000000614 L30_T11SNC_20160802T182058
000000090/000000614 L30_T11SNC_20170720T182049
000000110/000000614 L30_T11SNC_20180605T181943
000000130/000000614 L30_T11SNC_20190507T182026
000000150/000000614 L30_T11SNC_20200407T182036
000000170/000000614 L30_T11SNC_20210309T182052
000000190/000000614 L30_T11SNC_20211206T182119
000000210/000000614 L30_T11SNC_20220523T182028
000000230/000000614 L30_T11SNC_20221107T182135
000000250/000000614 L30_T11SNC_20230510T182036
000000270/000000614 L30_T11SNC_20231025T182109
000000290/000000614 L30_T11SNC_20240426T182035
000000310/000000614 L30_T11SPC_20130607T182259
000000330/000000614 L30_T11SPC_20140509T182034
000000350/000000614 L30_T11SPC_20150410T182020
000000370/000000614 L30_T11SPC_20160327T182039
000000390/000000614 L30_T11SPC_20170330T182032
000000410/000000614 L30_T11SPC_20180213T182046
000000430/000000614 L30_T11SPC_20190115T182047
000000450/000000614 L30_T11SPC_20191217T182114
000000470/000000614 L30_T11SPC_20201117T182115
000000490/000000614 L30_T11SPC_20211003T182120
000000510/000000614 L30_T11SPC_20220320T182057
000000530/000000614 L30_T11SPC_20220827T182111
000000550/000000614 L30_T11SPC_20230307T182107
000000570/000000614 L30_T11SPC_20230822T182056
000000590/000000614 L30_T11SPC_20240129T182059
000000610/000000614 L30_T11SPC_20241027T182058
Google Earth Engine API initialized successfully.
The reference layer has been downloaded with the first image from the GEE archive.
Start downloading the HLS data from 2013-04-11 to 2024-12-31:
000000010/000000723 S30_T11SNC_20160406T183312
000000030/000000723 S30_T11SNC_20160807T184332
000000050/000000723 S30_T11SNC_20161212T183302
000000070/000000723 S30_T11SNC_20170521T183311
000000090/000000723 S30_T11SNC_20170812T182921
000000110/000000723 S30_T11SNC_20171115T183619
000000130/000000723 S30_T11SNC_20180220T182359
000000150/000000723 S30_T11SNC_20190708T182929
000000170/000000723 S30_T11SNC_20200304T183239
000000190/000000723 S30_T11SNC_20211114T183629
000000210/000000723 S30_T11SNC_20230624T181919
000000230/000000723 S30_T11SNC_20230828T181921
000000250/000000723 S30_T11SNC_20231109T183601
000000270/000000723 S30_T11SNC_20231231T182749
000000290/000000723 S30_T11SNC_20240308T183211
000000310/000000723 S30_T11SNC_20240512T182919
000000330/000000723 S30_T11SNC_20240703T181921
000000350/000000723 S30_T11SNC_20240830T182919
000000370/000000723 S30_T11SPC_20160206T183312
000000390/000000723 S30_T11SPC_20160728T182922
000000410/000000723 S30_T11SPC_20161125T183712
000000430/000000723 S30_T11SPC_20170524T182921
000000450/000000723 S30_T11SPC_20170812T182921
000000470/000000723 S30_T11SPC_20171107T182551
000000490/000000723 S30_T11SPC_20180218T183421
000000510/000000723 S30_T11SPC_20191130T183731
000000530/000000723 S30_T11SPC_20200423T182909
000000550/000000723 S30_T11SPC_20230510T181921
000000570/000000723 S30_T11SPC_20230702T182921
000000590/000000723 S30_T11SPC_20230905T182919
000000610/000000723 S30_T11SPC_20231111T182609
000000630/000000723 S30_T11SPC_20240108T183741
000000650/000000723 S30_T11SPC_20240308T183211
000000670/000000723 S30_T11SPC_20240509T181919
000000690/000000723 S30_T11SPC_20240628T181919
000000710/000000723 S30_T11SPC_20240825T182921
Google Earth Engine API initialized successfully.
The reference layer has been downloaded with the first image from the GEE archive.
Start downloading the HLS data from 2013-04-11 to 2024-12-31:
000000010/000000320 L30_T13SCS_20130825T174120
000000030/000000320 L30_T13SCS_20140727T173912
000000050/000000320 L30_T13SCS_20150612T173833
000000070/000000320 L30_T13SCS_20160427T173850
000000090/000000320 L30_T13SCS_20170329T173852
000000110/000000320 L30_T13SCS_20180212T173906
000000130/000000320 L30_T13SCS_20181229T173909
000000150/000000320 L30_T13SCS_20191114T173938
000000170/000000320 L30_T13SCS_20200929T173935
000000190/000000320 L30_T13SCS_20210831T173930
000000210/000000320 L30_T13SCS_20220303T173918
000000230/000000320 L30_T13SCS_20220818T173949
000000250/000000320 L30_T13SCS_20230125T173939
000000270/000000320 L30_T13SCS_20230704T173856
000000290/000000320 L30_T13SCS_20231219T173937
000000310/000000320 L30_T13SCS_20240730T173846
Google Earth Engine API initialized successfully.
The reference layer has been downloaded with the first image from the GEE archive.
Start downloading the HLS data from 2013-04-11 to 2024-12-31:
000000010/000000337 S30_T13SCS_20160504T173912
000000030/000000337 S30_T13SCS_20161203T175722
000000050/000000337 S30_T13SCS_20170628T173901
000000070/000000337 S30_T13SCS_20171108T175541
000000090/000000337 S30_T13SCS_20180310T174129
000000110/000000337 S30_T13SCS_20191230T174729
000000130/000000337 S30_T13SCS_20200423T173911
000000150/000000337 S30_T13SCS_20230506T174909
000000170/000000337 S30_T13SCS_20230630T174911
000000190/000000337 S30_T13SCS_20230831T173909
000000210/000000337 S30_T13SCS_20231028T175441
000000230/000000337 S30_T13SCS_20231224T174741
000000250/000000337 S30_T13SCS_20240220T175359
000000270/000000337 S30_T13SCS_20240412T173901
000000290/000000337 S30_T13SCS_20240601T173911
000000310/000000337 S30_T13SCS_20240724T174911
000000330/000000337 S30_T13SCS_20240917T174909
Finished!
