cn510
Google Earth Engine API initialized successfully.
The reference layer has been downloaded with the first image from the GEE archive.
Start downloading the HLS data from 2013-04-11 to 2024-12-31:
000000000/000000052 L30_T18SUH_20130928T154819
000000001/000000052 L30_T18SUH_20140519T153947
000000002/000000052 L30_T18SUH_20141118T154637
000000003/000000052 L30_T18SUH_20150607T153928
000000004/000000052 L30_T18SUH_20151121T154635
000000005/000000052 L30_T18SUH_20160625T154003
000000006/000000052 L30_T18SUH_20161209T154645
000000007/000000052 L30_T18SUH_20170619T154610
000000008/000000052 L30_T18SUH_20171205T154025
000000009/000000052 L30_T18SUH_20180701T153919
000000010/000000052 L30_T18SUH_20190210T154001
000000011/000000052 L30_T18SUH_20190727T154628
000000012/000000052 L30_T18SUH_20200316T154007
000000013/000000052 L30_T18SUH_20200908T154028
000000014/000000052 L30_T18SUH_20210427T154601
000000015/000000052 L30_T18SUH_20211105T154651
000000016/000000052 L30_T18SUH_20220225T154628
000000017/000000052 L30_T18SUH_20220602T153947
000000018/000000052 L30_T18SUH_20220821T154029
000000019/000000052 L30_T18SUH_20221202T154651
000000020/000000052 L30_T18SUH_20230309T154014
000000021/000000052 L30_T18SUH_20230629T153951
000000022/000000052 L30_T18SUH_20231002T154631
000000023/000000052 L30_T18SUH_20231222T154029
000000024/000000052 L30_T18SUH_20240522T153943
000000025/000000052 L30_T18SUH_20241106T154017
000000026/000000052 L30_T18SUJ_20130905T154154
000000027/000000052 L30_T18SUJ_20140424T154554
000000028/000000052 L30_T18SUJ_20141026T154004
000000029/000000052 L30_T18SUJ_20150513T154504
000000030/000000052 L30_T18SUJ_20151029T153958
000000031/000000052 L30_T18SUJ_20160531T154542
000000032/000000052 L30_T18SUJ_20161116T154012
000000033/000000052 L30_T18SUJ_20170527T153926
000000034/000000052 L30_T18SUJ_20171110T154619
000000035/000000052 L30_T18SUJ_20180530T153840
000000036/000000052 L30_T18SUJ_20190109T153943
000000037/000000052 L30_T18SUJ_20190704T153947
000000038/000000052 L30_T18SUJ_20200119T154612
000000039/000000052 L30_T18SUJ_20200814T154603
000000040/000000052 L30_T18SUJ_20210404T153937
000000041/000000052 L30_T18SUJ_20210927T154012
000000042/000000052 L30_T18SUJ_20220210T154006
000000043/000000052 L30_T18SUJ_20220517T153925
000000044/000000052 L30_T18SUJ_20220812T154613
000000045/000000052 L30_T18SUJ_20221116T154631
000000046/000000052 L30_T18SUJ_20230228T154630
000000047/000000052 L30_T18SUJ_20230605T153919
000000048/000000052 L30_T18SUJ_20230909T153954
000000049/000000052 L30_T18SUJ_20231213T154613
000000050/000000052 L30_T18SUJ_20240530T153854
000000051/000000052 L30_T18SUJ_20241223T154614
Google Earth Engine API initialized successfully.
The reference layer has been downloaded with the first image from the GEE archive.
Start downloading the HLS data from 2013-04-11 to 2024-12-31:
000000003/000000029 S30_T18SUH_20171006T161211
000000004/000000029 S30_T18SUH_20180121T160121
000000005/000000029 S30_T18SUH_20191207T155629
000000006/000000029 S30_T18SUH_20210920T155839
000000007/000000029 S30_T18SUH_20230704T154941
000000008/000000029 S30_T18SUH_20230920T155849
000000009/000000029 S30_T18SUH_20231204T160631
000000010/000000029 S30_T18SUH_20240207T160429
000000011/000000029 S30_T18SUH_20240417T155819
000000012/000000029 S30_T18SUH_20240626T155819
000000013/000000029 S30_T18SUH_20240817T154931
000000014/000000029 S30_T18SUJ_20160211T160122
000000015/000000029 S30_T18SUJ_20160812T161222
000000016/000000029 S30_T18SUJ_20170126T155521
000000017/000000029 S30_T18SUJ_20170718T161221
000000018/000000029 S30_T18SUJ_20171026T161211
000000019/000000029 S30_T18SUJ_20180213T160351
000000020/000000029 S30_T18SUJ_20191125T160611
000000021/000000029 S30_T18SUJ_20210920T155839
000000022/000000029 S30_T18SUJ_20230629T154819
000000023/000000029 S30_T18SUJ_20230910T155829
000000024/000000029 S30_T18SUJ_20231114T160521
000000025/000000029 S30_T18SUJ_20240110T155631
000000026/000000029 S30_T18SUJ_20240404T154819
000000027/000000029 S30_T18SUJ_20240618T154941
000000028/000000029 S30_T18SUJ_20240810T155901
