cn510
Google Earth Engine API initialized successfully.
The reference layer has been downloaded with the first image from the GEE archive.
Start downloading the HLS data from 2013-04-11 to 2024-12-31:
000000000/000000052 L30_T18SUH_20130905T154218
000000001/000000052 L30_T18SUH_20140424T154618
000000002/000000052 L30_T18SUH_20141026T154028
000000003/000000052 L30_T18SUH_20150513T154528
000000004/000000052 L30_T18SUH_20151029T154022
000000005/000000052 L30_T18SUH_20160531T154606
000000006/000000052 L30_T18SUH_20161116T154036
000000007/000000052 L30_T18SUH_20170527T153950
000000008/000000052 L30_T18SUH_20171110T154643
000000009/000000052 L30_T18SUH_20180530T153904
000000010/000000052 L30_T18SUH_20190109T154007
000000011/000000052 L30_T18SUH_20190704T154011
000000012/000000052 L30_T18SUH_20200119T154636
000000013/000000052 L30_T18SUH_20200814T154627
000000014/000000052 L30_T18SUH_20210404T154001
000000015/000000052 L30_T18SUH_20210927T154036
000000016/000000052 L30_T18SUH_20220210T154030
000000017/000000052 L30_T18SUH_20220517T153949
000000018/000000052 L30_T18SUH_20220812T154637
000000019/000000052 L30_T18SUH_20221116T154655
000000020/000000052 L30_T18SUH_20230228T154630
000000021/000000052 L30_T18SUH_20230605T153942
000000022/000000052 L30_T18SUH_20230909T154018
000000023/000000052 L30_T18SUH_20231213T154637
000000024/000000052 L30_T18SUH_20240420T154000
000000025/000000052 L30_T18SUH_20241020T154634
000000026/000000052 L30_T18SUJ_20130811T154803
000000027/000000052 L30_T18SUJ_20140401T154005
000000028/000000052 L30_T18SUJ_20141001T154612
000000029/000000052 L30_T18SUJ_20150420T153938
000000030/000000052 L30_T18SUJ_20150927T153952
000000031/000000052 L30_T18SUJ_20160508T153926
000000032/000000052 L30_T18SUJ_20161022T154623
000000033/000000052 L30_T18SUJ_20170416T154529
000000034/000000052 L30_T18SUJ_20171018T154010
000000035/000000052 L30_T18SUJ_20180505T154510
000000036/000000052 L30_T18SUJ_20181129T154558
000000037/000000052 L30_T18SUJ_20190609T154550
000000038/000000052 L30_T18SUJ_20191218T154620
000000039/000000052 L30_T18SUJ_20200722T153946
000000040/000000052 L30_T18SUJ_20210310T154557
000000041/000000052 L30_T18SUJ_20210902T154617
000000042/000000052 L30_T18SUJ_20220201T154619
000000043/000000052 L30_T18SUJ_20220501T153936
000000044/000000052 L30_T18SUJ_20220728T154015
000000045/000000052 L30_T18SUJ_20221031T154628
000000046/000000052 L30_T18SUJ_20230213T154021
000000047/000000052 L30_T18SUJ_20230519T154519
000000048/000000052 L30_T18SUJ_20230831T154559
000000049/000000052 L30_T18SUJ_20231128T154011
000000050/000000052 L30_T18SUJ_20240420T153937
000000051/000000052 L30_T18SUJ_20241106T153953
Google Earth Engine API initialized successfully.
The reference layer has been downloaded with the first image from the GEE archive.
Start downloading the HLS data from 2013-04-11 to 2024-12-31:
000000000/000000030 S30_T18SUH_20160514T155912
000000001/000000030 S30_T18SUH_20161031T161212
000000002/000000030 S30_T18SUH_20170509T155911
000000003/000000030 S30_T18SUH_20170926T160021
000000004/000000030 S30_T18SUH_20180106T155629
000000005/000000030 S30_T18SUH_20191028T155259
000000006/000000030 S30_T18SUH_20210425T154901
000000007/000000030 S30_T18SUH_20230624T154811
000000008/000000030 S30_T18SUH_20230907T154819
000000009/000000030 S30_T18SUH_20231119T160549
000000010/000000030 S30_T18SUH_20240123T160541
000000011/000000030 S30_T18SUH_20240407T155819
000000012/000000030 S30_T18SUH_20240618T154941
000000013/000000030 S30_T18SUH_20240810T155901
000000014/000000030 S30_T18SUJ_20160105T161212
000000015/000000030 S30_T18SUJ_20160723T161222
000000016/000000030 S30_T18SUJ_20161220T160652
000000017/000000030 S30_T18SUJ_20170705T160131
000000018/000000030 S30_T18SUJ_20171016T160241
000000019/000000030 S30_T18SUJ_20180116T155609
000000020/000000030 S30_T18SUJ_20190814T154911
000000021/000000030 S30_T18SUJ_20210428T155901
000000022/000000030 S30_T18SUJ_20230619T154819
000000023/000000030 S30_T18SUJ_20230902T154821
000000024/000000030 S30_T18SUJ_20231104T160431
000000025/000000030 S30_T18SUJ_20240103T160651
000000026/000000030 S30_T18SUJ_20240320T154941
000000027/000000030 S30_T18SUJ_20240611T155911
000000028/000000030 S30_T18SUJ_20240802T154809
000000029/000000030 S30_T18SUJ_20241004T160029
