cn507
Google Earth Engine API initialized successfully.
The reference layer has been downloaded with the first image from the GEE archive.
Start downloading the HLS data from 2013-04-11 to 2024-12-31:
000000017/000001040 L30_T18SUH_20130912T154826
000000037/000001040 L30_T18SUH_20140503T153957
000000057/000001040 L30_T18SUH_20141102T154638
000000077/000001040 L30_T18SUH_20150522T153919
000000097/000001040 L30_T18SUH_20151105T154633
000000117/000001040 L30_T18SUH_20160609T153957
000000137/000001040 L30_T18SUH_20161123T154647
000000157/000001040 L30_T18SUH_20170603T154604
000000177/000001040 L30_T18SUH_20171119T154029
000000197/000001040 L30_T18SUH_20180606T154514
000000217/000001040 L30_T18SUH_20190116T154616
000000237/000001040 L30_T18SUH_20190711T154623
000000257/000001040 L30_T18SUH_20200229T154014
000000277/000001040 L30_T18SUH_20200823T154021
000000297/000001040 L30_T18SUH_20210411T154609
000000317/000001040 L30_T18SUH_20211004T154649
000000337/000001040 L30_T18SUH_20220217T154637
000000357/000001040 L30_T18SUH_20220525T154012
000000377/000001040 L30_T18SUH_20220813T154047
000000397/000001040 L30_T18SUH_20221117T154046
000000417/000001040 L30_T18SUH_20230301T154031
000000437/000001040 L30_T18SUH_20230613T153943
000000457/000001040 L30_T18SUH_20230916T154631
000000477/000001040 L30_T18SUH_20231214T154034
000000497/000001040 L30_T18SUH_20240428T153939
000000517/000001040 L30_T18SUH_20241028T154626
000000537/000001040 L30_T18SUJ_20130820T154154
000000557/000001040 L30_T18SUJ_20140408T154610
000000577/000001040 L30_T18SUJ_20141010T154004
000000597/000001040 L30_T18SUJ_20150427T154520
000000617/000001040 L30_T18SUJ_20151013T153952
000000637/000001040 L30_T18SUJ_20160515T154536
000000657/000001040 L30_T18SUJ_20161031T154013
000000677/000001040 L30_T18SUJ_20170502T154519
000000697/000001040 L30_T18SUJ_20171025T154621
000000717/000001040 L30_T18SUJ_20180514T153853
000000737/000001040 L30_T18SUJ_20181208T153945
000000757/000001040 L30_T18SUJ_20190618T154006
000000777/000001040 L30_T18SUJ_20191227T154007
000000797/000001040 L30_T18SUJ_20200729T154559
000000817/000001040 L30_T18SUJ_20210319T153941
000000837/000001040 L30_T18SUJ_20210911T154008
000000857/000001040 L30_T18SUJ_20220202T154000
000000877/000001040 L30_T18SUJ_20220509T153945
000000897/000001040 L30_T18SUJ_20220804T154630
000000917/000001040 L30_T18SUJ_20221108T154640
000000937/000001040 L30_T18SUJ_20230220T154623
000000957/000001040 L30_T18SUJ_20230527T154531
000000977/000001040 L30_T18SUJ_20230901T153951
000000997/000001040 L30_T18SUJ_20231205T154618
000001017/000001040 L30_T18SUJ_20240522T153919
000001037/000001040 L30_T18SUJ_20241121T154616
Google Earth Engine API initialized successfully.
The reference layer has been downloaded with the first image from the GEE archive.
Start downloading the HLS data from 2013-04-11 to 2024-12-31:
000000017/000000597 S30_T18SUH_20160524T161222
000000037/000000597 S30_T18SUH_20161107T160132
000000057/000000597 S30_T18SUH_20170516T154911
000000077/000000597 S30_T18SUH_20170928T155019
000000097/000000597 S30_T18SUH_20180114T161211
000000117/000000597 S30_T18SUH_20191120T160549
000000137/000000597 S30_T18SUH_20210505T154901
000000157/000000597 S30_T18SUH_20230627T155821
000000177/000000597 S30_T18SUH_20230910T155829
000000197/000000597 S30_T18SUH_20231124T160601
000000217/000000597 S30_T18SUH_20240202T160501
000000237/000000597 S30_T18SUH_20240412T155901
000000257/000000597 S30_T18SUH_20240621T155911
000000277/000000597 S30_T18SUH_20240812T154819
000000297/000000597 S30_T18SUJ_20160115T160622
000000317/000000597 S30_T18SUJ_20160730T160132
000000337/000000597 S30_T18SUJ_20161227T160122
000000357/000000597 S30_T18SUJ_20170710T154909
000000377/000000597 S30_T18SUJ_20171018T155239
000000397/000000597 S30_T18SUJ_20180119T160559
000000417/000000597 S30_T18SUJ_20190829T154819
000000437/000000597 S30_T18SUJ_20210430T154809
000000457/000000597 S30_T18SUJ_20230624T154811
000000477/000000597 S30_T18SUJ_20230905T155821
000000497/000000597 S30_T18SUJ_20231109T160459
000000517/000000597 S30_T18SUJ_20240105T155639
000000537/000000597 S30_T18SUJ_20240325T154809
000000557/000000597 S30_T18SUJ_20240613T154819
000000577/000000597 S30_T18SUJ_20240805T155819
000000597/000000597 S30_T18SUJ_20241006T155131
Google Earth Engine API initialized successfully.
The reference layer has been downloaded with the first image from the GEE archive.
Start downloading the HLS data from 2013-04-11 to 2024-12-31:
000000017/000000492 L30_T19TEK_20140717T152000
000000037/000000492 L30_T19TEK_20151008T152009
000000057/000000492 L30_T19TEK_20170114T152017
000000077/000000492 L30_T19TEK_20180423T151922
000000097/000000492 L30_T19TEK_20190528T151950
000000117/000000492 L30_T19TEK_20200615T151947
000000137/000000492 L30_T19TEK_20210906T152023
000000157/000000492 L30_T19TEK_20220528T151938
000000177/000000492 L30_T19TEK_20221206T152034
000000197/000000492 L30_T19TEK_20230726T151955
000000217/000000492 L30_T19TEK_20240314T152017
000000237/000000492 L30_T19TEL_20130527T152147
000000257/000000492 L30_T19TEL_20140818T151948
000000277/000000492 L30_T19TEL_20150906T151935
000000297/000000492 L30_T19TEL_20161111T152003
000000317/000000492 L30_T19TEL_20180117T151946
000000337/000000492 L30_T19TEL_20181219T151936
000000357/000000492 L30_T19TEL_20200123T151952
000000377/000000492 L30_T19TEL_20210210T151950
000000397/000000492 L30_T19TEL_20211125T152005
000000417/000000492 L30_T19TEL_20220723T152004
000000437/000000492 L30_T19TEL_20230216T151958
000000457/000000492 L30_T19TEL_20230827T151944
000000477/000000492 L30_T19TEL_20240501T151920
Google Earth Engine API initialized successfully.
The reference layer has been downloaded with the first image from the GEE archive.
Start downloading the HLS data from 2013-04-11 to 2024-12-31:
000000017/000000505 S30_T19TEK_20161208T152622
000000037/000000505 S30_T19TEK_20170805T152631
000000057/000000505 S30_T19TEK_20180110T153609
000000077/000000505 S30_T19TEK_20190701T152639
000000097/000000505 S30_T19TEK_20200406T152629
000000117/000000505 S30_T19TEK_20220730T152641
000000137/000000505 S30_T19TEK_20230713T153559
000000157/000000505 S30_T19TEK_20230926T153601
000000177/000000505 S30_T19TEK_20231215T153641
000000197/000000505 S30_T19TEK_20240304T153601
000000217/000000505 S30_T19TEK_20240518T153559
000000237/000000505 S30_T19TEK_20240719T152631
000000257/000000505 S30_T19TEK_20240927T152631
000000277/000000505 S30_T19TEL_20161201T153612
000000297/000000505 S30_T19TEL_20170820T152629
000000317/000000505 S30_T19TEL_20180216T152619
000000337/000000505 S30_T19TEL_20191226T153641
000000357/000000505 S30_T19TEL_20200511T152631
000000377/000000505 S30_T19TEL_20230514T153559
000000397/000000505 S30_T19TEL_20230814T152631
000000417/000000505 S30_T19TEL_20231110T153559
000000437/000000505 S30_T19TEL_20240131T152621
000000457/000000505 S30_T19TEL_20240415T152629
000000477/000000505 S30_T19TEL_20240629T152631
000000497/000000505 S30_T19TEL_20240910T153551
Google Earth Engine API initialized successfully.
The reference layer has been downloaded with the first image from the GEE archive.
Start downloading the HLS data from 2013-04-11 to 2024-12-31:
000000017/000000614 L30_T11SNC_20140202T182200
000000037/000000614 L30_T11SNC_20150104T182100
000000057/000000614 L30_T11SNC_20151120T182106
000000077/000000614 L30_T11SNC_20161122T182118
000000097/000000614 L30_T11SNC_20171109T182113
000000117/000000614 L30_T11SNC_20180925T182038
000000137/000000614 L30_T11SNC_20190827T182108
000000157/000000614 L30_T11SNC_20200728T182053
000000177/000000614 L30_T11SNC_20210629T182051
000000197/000000614 L30_T11SNC_20220208T182104
000000217/000000614 L30_T11SNC_20220718T182113
000000237/000000614 L30_T11SNC_20230102T182124
000000257/000000614 L30_T11SNC_20230713T182033
000000277/000000614 L30_T11SNC_20231220T182117
000000297/000000614 L30_T11SNC_20240629T182005
000000317/000000614 L30_T11SPC_20131013T182249
000000337/000000614 L30_T11SPC_20140914T182106
000000357/000000614 L30_T11SPC_20150731T182034
000000377/000000614 L30_T11SPC_20160802T182058
000000397/000000614 L30_T11SPC_20170720T182049
000000417/000000614 L30_T11SPC_20180605T181943
000000437/000000614 L30_T11SPC_20190507T182026
000000457/000000614 L30_T11SPC_20200407T182036
000000477/000000614 L30_T11SPC_20210309T182052
000000497/000000614 L30_T11SPC_20211123T182326
000000517/000000614 L30_T11SPC_20220515T182053
000000537/000000614 L30_T11SPC_20221030T182123
000000557/000000614 L30_T11SPC_20230502T182025
000000577/000000614 L30_T11SPC_20231017T182112
000000597/000000614 L30_T11SPC_20240426T182035
Google Earth Engine API initialized successfully.
The reference layer has been downloaded with the first image from the GEE archive.
Start downloading the HLS data from 2013-04-11 to 2024-12-31:
000000017/000000723 S30_T11SNC_20160526T183312
000000037/000000723 S30_T11SNC_20160923T183302
000000057/000000723 S30_T11SNC_20170213T183451
000000077/000000723 S30_T11SNC_20170708T184329
000000097/000000723 S30_T11SNC_20170918T183311
000000117/000000723 S30_T11SNC_20171217T182751
000000137/000000723 S30_T11SNC_20180411T181919
000000157/000000723 S30_T11SNC_20191210T183751
000000177/000000723 S30_T11SNC_20200808T181919
000000197/000000723 S30_T11SNC_20230520T181921
000000217/000000723 S30_T11SNC_20230712T182921
000000237/000000723 S30_T11SNC_20230917T182021
000000257/000000723 S30_T11SNC_20231126T182711
000000277/000000723 S30_T11SNC_20240123T183649
000000297/000000723 S30_T11SNC_20240402T182919
000000317/000000723 S30_T11SNC_20240529T181919
000000337/000000723 S30_T11SNC_20240723T181921
000000357/000000723 S30_T11SNC_20240916T181919
000000377/000000723 S30_T11SPC_20160429T183252
000000397/000000723 S30_T11SPC_20160913T181942
000000417/000000723 S30_T11SPC_20170114T184111
000000437/000000723 S30_T11SPC_20170708T184329
000000457/000000723 S30_T11SPC_20170918T183311
000000477/000000723 S30_T11SPC_20171215T183749
000000497/000000723 S30_T11SPC_20180514T182919
000000517/000000723 S30_T11SPC_20200213T183449
000000537/000000723 S30_T11SPC_20201007T182239
000000557/000000723 S30_T11SPC_20230530T181921
000000577/000000723 S30_T11SPC_20230719T181921
000000597/000000723 S30_T11SPC_20230925T183029
000000617/000000723 S30_T11SPC_20231201T182729
000000637/000000723 S30_T11SPC_20240125T182631
000000657/000000723 S30_T11SPC_20240330T181919
000000677/000000723 S30_T11SPC_20240527T182921
000000697/000000723 S30_T11SPC_20240718T181919
000000717/000000723 S30_T11SPC_20240911T181931
Google Earth Engine API initialized successfully.
The reference layer has been downloaded with the first image from the GEE archive.
Start downloading the HLS data from 2013-04-11 to 2024-12-31:
000000017/000000320 L30_T13SCS_20131231T174041
000000037/000000320 L30_T13SCS_20141116T173929
000000057/000000320 L30_T13SCS_20151002T173918
000000077/000000320 L30_T13SCS_20160817T173922
000000097/000000320 L30_T13SCS_20170719T173909
000000117/000000320 L30_T13SCS_20180604T173803
000000137/000000320 L30_T13SCS_20190420T173842
000000157/000000320 L30_T13SCS_20200305T173913
000000177/000000320 L30_T13SCS_20210119T173925
000000197/000000320 L30_T13SCS_20211112T174008
000000217/000000320 L30_T13SCS_20220428T173902
000000237/000000320 L30_T13SCS_20221013T173942
000000257/000000320 L30_T13SCS_20230322T173923
000000277/000000320 L30_T13SCS_20230906T173914
000000297/000000320 L30_T13SCS_20240213T173922
000000317/000000320 L30_T13SCS_20241205T173927
Google Earth Engine API initialized successfully.
The reference layer has been downloaded with the first image from the GEE archive.
Start downloading the HLS data from 2013-04-11 to 2024-12-31:
000000017/000000337 S30_T13SCS_20160805T174912
000000037/000000337 S30_T13SCS_20170129T174551
000000057/000000337 S30_T13SCS_20170802T173859
000000077/000000337 S30_T13SCS_20171220T174729
000000097/000000337 S30_T13SCS_20180711T174909
000000117/000000337 S30_T13SCS_20200216T175421
000000137/000000337 S30_T13SCS_20201207T175729
000000157/000000337 S30_T13SCS_20230528T173911
000000177/000000337 S30_T13SCS_20230717T173911
000000197/000000337 S30_T13SCS_20230920T173929
000000217/000000337 S30_T13SCS_20231122T175639
000000237/000000337 S30_T13SCS_20240113T174701
000000257/000000337 S30_T13SCS_20240308T174049
000000277/000000337 S30_T13SCS_20240430T174909
000000297/000000337 S30_T13SCS_20240619T174909
000000317/000000337 S30_T13SCS_20240813T174911
000000337/000000337 S30_T13SCS_20241007T175129
Finished!
