cn510
Google Earth Engine API initialized successfully.
The reference layer has been downloaded with the first image from the GEE archive.
Start downloading the HLS data from 2013-04-11 to 2024-12-31:
000000000/000000052 L30_T18SUH_20131014T154819
000000001/000000052 L30_T18SUH_20140526T154559
000000002/000000052 L30_T18SUH_20141127T154027
000000003/000000052 L30_T18SUH_20150614T154543
000000004/000000052 L30_T18SUH_20151130T154025
000000005/000000052 L30_T18SUH_20160702T154618
000000006/000000052 L30_T18SUH_20161218T154031
000000007/000000052 L30_T18SUH_20170628T154002
000000008/000000052 L30_T18SUH_20171221T154028
000000009/000000052 L30_T18SUH_20180708T154534
000000010/000000052 L30_T18SUH_20190217T154611
000000011/000000052 L30_T18SUH_20190805T154021
000000012/000000052 L30_T18SUH_20200401T153957
000000013/000000052 L30_T18SUH_20200915T154641
000000014/000000052 L30_T18SUH_20210506T153945
000000015/000000052 L30_T18SUH_20211114T154037
000000016/000000052 L30_T18SUH_20220226T154019
000000017/000000052 L30_T18SUH_20220609T154559
000000018/000000052 L30_T18SUH_20220828T154641
000000019/000000052 L30_T18SUH_20221210T154658
000000020/000000052 L30_T18SUH_20230317T154024
000000021/000000052 L30_T18SUH_20230706T154607
000000022/000000052 L30_T18SUH_20231003T154023
000000023/000000052 L30_T18SUH_20231229T154636
000000024/000000052 L30_T18SUH_20240529T154548
000000025/000000052 L30_T18SUH_20241113T154625
000000026/000000052 L30_T18SUJ_20130912T154802
000000027/000000052 L30_T18SUJ_20140503T153933
000000028/000000052 L30_T18SUJ_20141102T154614
000000029/000000052 L30_T18SUJ_20150522T153855
000000030/000000052 L30_T18SUJ_20151105T154610
000000031/000000052 L30_T18SUJ_20160609T153933
000000032/000000052 L30_T18SUJ_20161123T154623
000000033/000000052 L30_T18SUJ_20170603T154540
000000034/000000052 L30_T18SUJ_20171119T154005
000000035/000000052 L30_T18SUJ_20180606T154450
000000036/000000052 L30_T18SUJ_20190116T154616
000000037/000000052 L30_T18SUJ_20190711T154559
000000038/000000052 L30_T18SUJ_20200229T153950
000000039/000000052 L30_T18SUJ_20200823T153957
000000040/000000052 L30_T18SUJ_20210411T154609
000000041/000000052 L30_T18SUJ_20211004T154625
000000042/000000052 L30_T18SUJ_20220217T154613
000000043/000000052 L30_T18SUJ_20220525T153948
000000044/000000052 L30_T18SUJ_20220813T154023
000000045/000000052 L30_T18SUJ_20221117T154023
000000046/000000052 L30_T18SUJ_20230301T154007
000000047/000000052 L30_T18SUJ_20230613T153919
000000048/000000052 L30_T18SUJ_20230916T154608
000000049/000000052 L30_T18SUJ_20231214T154010
000000050/000000052 L30_T18SUJ_20240606T154508
000000051/000000052 L30_T18SUJ_20241224T154019
Google Earth Engine API initialized successfully.
The reference layer has been downloaded with the first image from the GEE archive.
Start downloading the HLS data from 2013-04-11 to 2024-12-31:
000000000/000000029 S30_T18SUH_20160620T160132
000000001/000000029 S30_T18SUH_20161120T160552
000000002/000000029 S30_T18SUH_20170608T161221
000000003/000000029 S30_T18SUH_20171016T160241
000000004/000000029 S30_T18SUH_20180205T155429
000000005/000000029 S30_T18SUH_20191227T155649
000000006/000000029 S30_T18SUH_20210922T154951
000000007/000000029 S30_T18SUH_20230707T155821
000000008/000000029 S30_T18SUH_20230927T154929
000000009/000000029 S30_T18SUH_20231206T155639
000000010/000000029 S30_T18SUH_20240209T155411
000000011/000000029 S30_T18SUH_20240422T155821
000000012/000000029 S30_T18SUH_20240628T154941
000000013/000000029 S30_T18SUH_20240820T155901
000000014/000000029 S30_T18SUJ_20160214T160352
000000015/000000029 S30_T18SUJ_20160822T155902
000000016/000000029 S30_T18SUJ_20170208T160411
000000017/000000029 S30_T18SUJ_20170723T155909
000000018/000000029 S30_T18SUJ_20171028T160119
000000019/000000029 S30_T18SUJ_20180218T160309
000000020/000000029 S30_T18SUJ_20200119T160559
000000021/000000029 S30_T18SUJ_20210927T154929
000000022/000000029 S30_T18SUJ_20230702T155829
000000023/000000029 S30_T18SUJ_20230912T154841
000000024/000000029 S30_T18SUJ_20231116T155529
000000025/000000029 S30_T18SUJ_20240113T160621
000000026/000000029 S30_T18SUJ_20240407T155819
000000027/000000029 S30_T18SUJ_20240621T155911
000000028/000000029 S30_T18SUJ_20240812T154819
