cn507
Google Earth Engine API initialized successfully.
The reference layer has been downloaded with the first image from the GEE archive.
Start downloading the HLS data from 2013-04-11 to 2024-12-31:
000000000/000000052 L30_T18SUH_20130608T154828
000000001/000000052 L30_T18SUH_20131217T154756
000000002/000000052 L30_T18SUH_20140713T154619
000000003/000000052 L30_T18SUH_20150206T154621
000000004/000000052 L30_T18SUH_20150801T154604
000000005/000000052 L30_T18SUH_20160218T154009
000000006/000000052 L30_T18SUH_20160819T154633
000000007/000000052 L30_T18SUH_20170211T154624
000000008/000000052 L30_T18SUH_20170822T154631
000000009/000000052 L30_T18SUH_20180302T154608
000000010/000000052 L30_T18SUH_20180903T153950
000000011/000000052 L30_T18SUH_20190415T153943
000000012/000000052 L30_T18SUH_20191015T154650
000000013/000000052 L30_T18SUH_20200526T154554
000000014/000000052 L30_T18SUH_20201213T154037
000000015/000000052 L30_T18SUH_20210630T154620
000000016/000000052 L30_T18SUH_20211215T154643
000000017/000000052 L30_T18SUH_20220329T154611
000000018/000000052 L30_T18SUH_20220703T154641
000000019/000000052 L30_T18SUH_20220922T154036
000000020/000000052 L30_T18SUH_20230104T154041
000000021/000000052 L30_T18SUH_20230418T154007
000000022/000000052 L30_T18SUH_20230730T154607
000000023/000000052 L30_T18SUH_20231027T154028
000000024/000000052 L30_T18SUH_20240131T154033
000000025/000000052 L30_T18SUH_20240630T154536
000000026/000000052 L30_T18SUJ_20130430T154139
000000027/000000052 L30_T18SUJ_20131115T154744
000000028/000000052 L30_T18SUJ_20140620T153935
000000029/000000052 L30_T18SUJ_20141229T153955
000000030/000000052 L30_T18SUJ_20150709T153922
000000031/000000052 L30_T18SUJ_20160101T154022
000000032/000000052 L30_T18SUJ_20160727T153952
000000033/000000052 L30_T18SUJ_20170119T154000
000000034/000000052 L30_T18SUJ_20170721T154556
000000035/000000052 L30_T18SUJ_20180113T154607
000000036/000000052 L30_T18SUJ_20180809T154526
000000037/000000052 L30_T18SUJ_20190314T153928
000000038/000000052 L30_T18SUJ_20190828T154638
000000039/000000052 L30_T18SUJ_20200503T153918
000000040/000000052 L30_T18SUJ_20201017T154623
000000041/000000052 L30_T18SUJ_20210607T153939
000000042/000000052 L30_T18SUJ_20211121T154623
000000043/000000052 L30_T18SUJ_20220313T154600
000000044/000000052 L30_T18SUJ_20220618T153932
000000045/000000052 L30_T18SUJ_20220913T154619
000000046/000000052 L30_T18SUJ_20221226T154627
000000047/000000052 L30_T18SUJ_20230409T154558
000000048/000000052 L30_T18SUJ_20230715T153934
000000049/000000052 L30_T18SUJ_20231018T154618
000000050/000000052 L30_T18SUJ_20240122T154616
000000051/000000052 L30_T18SUJ_20240709T153914
Google Earth Engine API initialized successfully.
The reference layer has been downloaded with the first image from the GEE archive.
Start downloading the HLS data from 2013-04-11 to 2024-12-31:
000000000/000000030 S30_T18SUH_20160115T160622
000000001/000000030 S30_T18SUH_20160819T160132
000000002/000000030 S30_T18SUH_20170126T155521
000000003/000000030 S30_T18SUH_20170718T161221
000000004/000000030 S30_T18SUH_20171102T160131
000000005/000000030 S30_T18SUH_20180429T155859
000000006/000000030 S30_T18SUH_20200309T155959
000000007/000000030 S30_T18SUH_20230520T154819
000000008/000000030 S30_T18SUH_20230727T160011
000000009/000000030 S30_T18SUH_20231012T155201
000000010/000000030 S30_T18SUH_20231221T155651
000000011/000000030 S30_T18SUH_20240303T160141
000000012/000000030 S30_T18SUH_20240519T154941
000000013/000000030 S30_T18SUH_20240713T154819
000000014/000000030 S30_T18SUH_20240909T155901
000000015/000000030 S30_T18SUJ_20160424T161222
000000016/000000030 S30_T18SUJ_20160928T160122
000000017/000000030 S30_T18SUJ_20170509T155911
000000018/000000030 S30_T18SUJ_20170812T155859
000000019/000000030 S30_T18SUJ_20171117T155519
000000020/000000030 S30_T18SUJ_20180916T155859
000000021/000000030 S30_T18SUJ_20200304T160131
000000022/000000030 S30_T18SUJ_20230520T154819
000000023/000000030 S30_T18SUJ_20230722T155829
000000024/000000030 S30_T18SUJ_20231010T160059
000000025/000000030 S30_T18SUJ_20231206T155639
000000026/000000030 S30_T18SUJ_20240217T160239
000000027/000000030 S30_T18SUJ_20240429T154941
000000028/000000030 S30_T18SUJ_20240706T155819
000000029/000000030 S30_T18SUJ_20240827T154931
