cn507
Google Earth Engine API initialized successfully.
The reference layer has been downloaded with the first image from the GEE archive.
Start downloading the HLS data from 2013-04-11 to 2024-12-31:
000000000/000000052 L30_T18SUH_20130624T154822
000000001/000000052 L30_T18SUH_20140118T154735
000000002/000000052 L30_T18SUH_20140729T154623
000000003/000000052 L30_T18SUH_20150310T154605
000000004/000000052 L30_T18SUH_20150817T154610
000000005/000000052 L30_T18SUH_20160321T154002
000000006/000000052 L30_T18SUH_20160904T154639
000000007/000000052 L30_T18SUH_20170227T154619
000000008/000000052 L30_T18SUH_20170907T154633
000000009/000000052 L30_T18SUH_20180318T154559
000000010/000000052 L30_T18SUH_20180926T154608
000000011/000000052 L30_T18SUH_20190501T153941
000000012/000000052 L30_T18SUH_20191109T154038
000000013/000000052 L30_T18SUH_20200611T154603
000000014/000000052 L30_T18SUH_20210114T154026
000000015/000000052 L30_T18SUH_20210716T154622
000000016/000000052 L30_T18SUH_20211223T154645
000000017/000000052 L30_T18SUH_20220414T154617
000000018/000000052 L30_T18SUH_20220711T154616
000000019/000000052 L30_T18SUH_20220930T154054
000000020/000000052 L30_T18SUH_20230112T154041
000000021/000000052 L30_T18SUH_20230426T153946
000000022/000000052 L30_T18SUH_20230807T154618
000000023/000000052 L30_T18SUH_20231104T154028
000000024/000000052 L30_T18SUH_20240208T154022
000000025/000000052 L30_T18SUH_20240709T153938
000000026/000000052 L30_T18SUJ_20130601T154155
000000027/000000052 L30_T18SUJ_20131201T154740
000000028/000000052 L30_T18SUJ_20140706T153941
000000029/000000052 L30_T18SUJ_20150130T153949
000000030/000000052 L30_T18SUJ_20150725T153928
000000031/000000052 L30_T18SUJ_20160202T153954
000000032/000000052 L30_T18SUJ_20160812T153954
000000033/000000052 L30_T18SUJ_20170204T153952
000000034/000000052 L30_T18SUJ_20170806T154627
000000035/000000052 L30_T18SUJ_20180214T154551
000000036/000000052 L30_T18SUJ_20180825T154533
000000037/000000052 L30_T18SUJ_20190406T154534
000000038/000000052 L30_T18SUJ_20190929T154624
000000039/000000052 L30_T18SUJ_20200519T153918
000000040/000000052 L30_T18SUJ_20201127T154012
000000041/000000052 L30_T18SUJ_20210623T153944
000000042/000000052 L30_T18SUJ_20211207T154624
000000043/000000052 L30_T18SUJ_20220322T153943
000000044/000000052 L30_T18SUJ_20220626T154006
000000045/000000052 L30_T18SUJ_20220921T154642
000000046/000000052 L30_T18SUJ_20230103T154654
000000047/000000052 L30_T18SUJ_20230417T154535
000000048/000000052 L30_T18SUJ_20230723T153927
000000049/000000052 L30_T18SUJ_20231026T154615
000000050/000000052 L30_T18SUJ_20240131T154033
000000051/000000052 L30_T18SUJ_20240717T153924
Google Earth Engine API initialized successfully.
The reference layer has been downloaded with the first image from the GEE archive.
Start downloading the HLS data from 2013-04-11 to 2024-12-31:
000000000/000000030 S30_T18SUH_20160201T155502
000000001/000000030 S30_T18SUH_20160829T154902
000000002/000000030 S30_T18SUH_20170208T160411
000000003/000000030 S30_T18SUH_20170725T160131
000000004/000000030 S30_T18SUH_20171115T161211
000000005/000000030 S30_T18SUH_20180514T155911
000000006/000000030 S30_T18SUH_20200408T155819
000000007/000000030 S30_T18SUH_20230528T155911
000000008/000000030 S30_T18SUH_20230806T155911
000000009/000000030 S30_T18SUH_20231017T155149
000000010/000000030 S30_T18SUH_20231229T160659
000000011/000000030 S30_T18SUH_20240308T155959
000000012/000000030 S30_T18SUH_20240524T154809
000000013/000000030 S30_T18SUH_20240718T154931
000000014/000000030 S30_T18SUH_20240914T155819
000000015/000000030 S30_T18SUJ_20160524T161222
000000016/000000030 S30_T18SUJ_20161021T160402
000000017/000000030 S30_T18SUJ_20170519T161221
000000018/000000030 S30_T18SUJ_20170903T160131
000000019/000000030 S30_T18SUJ_20171202T155621
000000020/000000030 S30_T18SUJ_20190210T155409
000000021/000000030 S30_T18SUJ_20200311T155041
000000022/000000030 S30_T18SUJ_20230528T155911
000000023/000000030 S30_T18SUJ_20230727T160011
000000024/000000030 S30_T18SUJ_20231015T160231
000000025/000000030 S30_T18SUJ_20231211T155641
000000026/000000030 S30_T18SUJ_20240224T155139
000000027/000000030 S30_T18SUJ_20240507T155819
000000028/000000030 S30_T18SUJ_20240711T160011
000000029/000000030 S30_T18SUJ_20240904T155819
