cn507
Google Earth Engine API initialized successfully.
The reference layer has been downloaded with the first image from the GEE archive.
Start downloading the HLS data from 2013-04-11 to 2024-12-31:
000000000/000000052 L30_T18SUH_20130601T154219
000000001/000000052 L30_T18SUH_20131201T154804
000000002/000000052 L30_T18SUH_20140706T154005
000000003/000000052 L30_T18SUH_20150130T154013
000000004/000000052 L30_T18SUH_20150725T153952
000000005/000000052 L30_T18SUH_20160202T154018
000000006/000000052 L30_T18SUH_20160812T154018
000000007/000000052 L30_T18SUH_20170204T154016
000000008/000000052 L30_T18SUH_20170806T154627
000000009/000000052 L30_T18SUH_20180214T154615
000000010/000000052 L30_T18SUH_20180825T154557
000000011/000000052 L30_T18SUH_20190406T154558
000000012/000000052 L30_T18SUH_20190929T154647
000000013/000000052 L30_T18SUH_20200519T153942
000000014/000000052 L30_T18SUH_20201127T154036
000000015/000000052 L30_T18SUH_20210623T154008
000000016/000000052 L30_T18SUH_20211207T154648
000000017/000000052 L30_T18SUH_20220322T154006
000000018/000000052 L30_T18SUH_20220626T154030
000000019/000000052 L30_T18SUH_20220921T154706
000000020/000000052 L30_T18SUH_20230103T154654
000000021/000000052 L30_T18SUH_20230417T154558
000000022/000000052 L30_T18SUH_20230723T153951
000000023/000000052 L30_T18SUH_20231026T154639
000000024/000000052 L30_T18SUH_20240123T154019
000000025/000000052 L30_T18SUH_20240623T153918
000000026/000000052 L30_T18SUJ_20130421T154750
000000027/000000052 L30_T18SUJ_20131108T154137
000000028/000000052 L30_T18SUJ_20140611T154608
000000029/000000052 L30_T18SUJ_20141213T153957
000000030/000000052 L30_T18SUJ_20150630T154526
000000031/000000052 L30_T18SUJ_20151216T154000
000000032/000000052 L30_T18SUJ_20160718T154601
000000033/000000052 L30_T18SUJ_20170110T154637
000000034/000000052 L30_T18SUJ_20170714T153941
000000035/000000052 L30_T18SUJ_20180106T153959
000000036/000000052 L30_T18SUJ_20180802T153911
000000037/000000052 L30_T18SUJ_20190305T154542
000000038/000000052 L30_T18SUJ_20190821T154002
000000039/000000052 L30_T18SUJ_20200417T153927
000000040/000000052 L30_T18SUJ_20201010T154012
000000041/000000052 L30_T18SUJ_20210522T153932
000000042/000000052 L30_T18SUJ_20211119T154312
000000043/000000052 L30_T18SUJ_20220306T154016
000000044/000000052 L30_T18SUJ_20220617T154614
000000045/000000052 L30_T18SUJ_20220905T154636
000000046/000000052 L30_T18SUJ_20221219T154017
000000047/000000052 L30_T18SUJ_20230402T153949
000000048/000000052 L30_T18SUJ_20230714T154539
000000049/000000052 L30_T18SUJ_20231011T154003
000000050/000000052 L30_T18SUJ_20240114T154610
000000051/000000052 L30_T18SUJ_20240708T154525
Google Earth Engine API initialized successfully.
The reference layer has been downloaded with the first image from the GEE archive.
Start downloading the HLS data from 2013-04-11 to 2024-12-31:
000000004/000000030 S30_T18SUH_20171031T160359
000000005/000000030 S30_T18SUH_20180411T155011
000000006/000000030 S30_T18SUH_20200304T160131
000000007/000000030 S30_T18SUH_20230518T155901
000000008/000000030 S30_T18SUH_20230724T154821
000000009/000000030 S30_T18SUH_20231010T160059
000000010/000000030 S30_T18SUH_20231219T160659
000000011/000000030 S30_T18SUH_20240229T155201
000000012/000000030 S30_T18SUH_20240512T155901
000000013/000000030 S30_T18SUH_20240711T160011
000000014/000000030 S30_T18SUH_20240906T154811
000000015/000000030 S30_T18SUJ_20160421T160132
000000016/000000030 S30_T18SUJ_20160921T161212
000000017/000000030 S30_T18SUJ_20170320T161211
000000018/000000030 S30_T18SUJ_20170809T160129
000000019/000000030 S30_T18SUJ_20171115T161211
000000020/000000030 S30_T18SUJ_20180911T155901
000000021/000000030 S30_T18SUJ_20200301T155151
000000022/000000030 S30_T18SUJ_20230518T155901
000000023/000000030 S30_T18SUJ_20230717T155911
000000024/000000030 S30_T18SUJ_20231005T160121
000000025/000000030 S30_T18SUJ_20231204T160631
000000026/000000030 S30_T18SUJ_20240214T155249
000000027/000000030 S30_T18SUJ_20240424T154809
000000028/000000030 S30_T18SUJ_20240703T154819
000000029/000000030 S30_T18SUJ_20240825T155819
