cn523
Google Earth Engine API initialized successfully.
The reference layer has been downloaded with the first image from the GEE archive.
Start downloading the HLS data from 2013-04-11 to 2024-12-31:
Google Earth Engine API initialized successfully.
The reference layer has been downloaded with the first image from the GEE archive.
Start downloading the HLS data from 2013-04-11 to 2024-12-31:
Google Earth Engine API initialized successfully.
The reference layer has been downloaded with the first image from the GEE archive.
Start downloading the HLS data from 2013-04-11 to 2024-12-31:
000000043/000000492 L30_T19TEK_20181016T151959
000000053/000000492 L30_T19TEK_20200123T152016
000000063/000000492 L30_T19TEK_20210314T151959
000000073/000000492 L30_T19TEK_20220213T152013
000000083/000000492 L30_T19TEK_20220917T152026
000000093/000000492 L30_T19TEK_20230429T151953
000000103/000000492 L30_T19TEK_20231123T152025
000000113/000000492 L30_T19TEK_20240805T151938
000000123/000000492 L30_T19TEL_20140223T152029
000000133/000000492 L30_T19TEL_20150415T151907
000000143/000000492 L30_T19TEL_20160519T151919
000000153/000000492 L30_T19TEL_20170826T151949
000000163/000000492 L30_T19TEL_20180719T152506
000000173/000000492 L30_T19TEL_20190816T152016
000000183/000000492 L30_T19TEL_20200802T151941
000000193/000000492 L30_T19TEL_20210805T151949
000000203/000000492 L30_T19TEL_20220402T151928
000000213/000000492 L30_T19TEL_20221027T152022
000000223/000000492 L30_T19TEL_20230608T151932
000000233/000000492 L30_T19TEL_20240102T151950
000000243/000000492 L30_T19TEL_20241008T151936
Google Earth Engine API initialized successfully.
The reference layer has been downloaded with the first image from the GEE archive.
Start downloading the HLS data from 2013-04-11 to 2024-12-31:
Google Earth Engine API initialized successfully.
The reference layer has been downloaded with the first image from the GEE archive.
Start downloading the HLS data from 2013-04-11 to 2024-12-31:
Google Earth Engine API initialized successfully.
The reference layer has been downloaded with the first image from the GEE archive.
Start downloading the HLS data from 2013-04-11 to 2024-12-31:
Google Earth Engine API initialized successfully.
The reference layer has been downloaded with the first image from the GEE archive.
Start downloading the HLS data from 2013-04-11 to 2024-12-31:
Google Earth Engine API initialized successfully.
The reference layer has been downloaded with the first image from the GEE archive.
Start downloading the HLS data from 2013-04-11 to 2024-12-31:
Finished!
