cn509
Google Earth Engine API initialized successfully.
The reference layer has been downloaded with the first image from the GEE archive.
Start downloading the HLS data from 2013-04-11 to 2024-12-31:
000000002/000001040 L30_T18SUH_20130421T154814
000000022/000001040 L30_T18SUH_20131108T154200
000000042/000001040 L30_T18SUH_20140611T154608
000000062/000001040 L30_T18SUH_20141213T154021
000000082/000001040 L30_T18SUH_20150630T154550
000000102/000001040 L30_T18SUH_20151216T154024
000000122/000001040 L30_T18SUH_20160718T154625
000000142/000001040 L30_T18SUH_20170110T154637
000000162/000001040 L30_T18SUH_20170714T154005
000000182/000001040 L30_T18SUH_20180106T154023
000000202/000001040 L30_T18SUH_20180802T153934
000000222/000001040 L30_T18SUH_20190305T154606
000000242/000001040 L30_T18SUH_20190821T154025
000000262/000001040 L30_T18SUH_20200417T153951
000000282/000001040 L30_T18SUH_20201010T154036
000000302/000001040 L30_T18SUH_20210522T153955
000000322/000001040 L30_T18SUH_20211119T154336
000000342/000001040 L30_T18SUH_20220306T154016
000000362/000001040 L30_T18SUH_20220617T154638
000000382/000001040 L30_T18SUH_20220905T154700
000000402/000001040 L30_T18SUH_20221219T154041
000000422/000001040 L30_T18SUH_20230402T154013
000000442/000001040 L30_T18SUH_20230714T154603
000000462/000001040 L30_T18SUH_20231011T154027
000000482/000001040 L30_T18SUH_20240107T154021
000000502/000001040 L30_T18SUH_20240606T154532
000000522/000001040 L30_T18SUH_20241223T154638
000000542/000001040 L30_T18SUJ_20130928T154755
000000562/000001040 L30_T18SUJ_20140519T153923
000000582/000001040 L30_T18SUJ_20141118T154614
000000602/000001040 L30_T18SUJ_20150607T153905
000000622/000001040 L30_T18SUJ_20151121T154611
000000642/000001040 L30_T18SUJ_20160625T153939
000000662/000001040 L30_T18SUJ_20161209T154621
000000682/000001040 L30_T18SUJ_20170619T154546
000000702/000001040 L30_T18SUJ_20171205T154001
000000722/000001040 L30_T18SUJ_20180701T153855
000000742/000001040 L30_T18SUJ_20190210T153937
000000762/000001040 L30_T18SUJ_20190727T154604
000000782/000001040 L30_T18SUJ_20200316T153943
000000802/000001040 L30_T18SUJ_20200908T154004
000000822/000001040 L30_T18SUJ_20210427T154538
000000842/000001040 L30_T18SUJ_20211105T154627
000000862/000001040 L30_T18SUJ_20220225T154628
000000882/000001040 L30_T18SUJ_20220602T153924
000000902/000001040 L30_T18SUJ_20220821T154005
000000922/000001040 L30_T18SUJ_20221202T154627
000000942/000001040 L30_T18SUJ_20230309T153951
000000962/000001040 L30_T18SUJ_20230629T153927
000000982/000001040 L30_T18SUJ_20231002T154607
000001002/000001040 L30_T18SUJ_20231222T154005
000001022/000001040 L30_T18SUJ_20240622T154517
Google Earth Engine API initialized successfully.
The reference layer has been downloaded with the first image from the GEE archive.
Start downloading the HLS data from 2013-04-11 to 2024-12-31:
000000002/000000597 S30_T18SUH_20151226T161212
000000022/000000597 S30_T18SUH_20160713T155912
000000042/000000597 S30_T18SUH_20161207T155642
000000062/000000597 S30_T18SUH_20170618T155901
000000082/000000597 S30_T18SUH_20171021T161159
000000102/000000597 S30_T18SUH_20180213T160351
000000122/000000597 S30_T18SUH_20200215T155239
000000142/000000597 S30_T18SUH_20230306T155121
000000162/000000597 S30_T18SUH_20230712T155829
000000182/000000597 S30_T18SUH_20231002T155101
000000202/000000597 S30_T18SUH_20231211T155641
000000222/000000597 S30_T18SUH_20240217T160239
000000242/000000597 S30_T18SUH_20240429T154941
000000262/000000597 S30_T18SUH_20240703T154819
000000282/000000597 S30_T18SUH_20240825T155819
000000302/000000597 S30_T18SUJ_20160401T154922
000000322/000000597 S30_T18SUJ_20160908T160132
000000342/000000597 S30_T18SUJ_20170218T160351
000000362/000000597 S30_T18SUJ_20170730T154909
000000382/000000597 S30_T18SUJ_20171102T160131
000000402/000000597 S30_T18SUJ_20180411T155011
000000422/000000597 S30_T18SUJ_20200215T155239
000000442/000000597 S30_T18SUJ_20230304T160149
000000462/000000597 S30_T18SUJ_20230707T155821
000000482/000000597 S30_T18SUJ_20230927T154929
000000502/000000597 S30_T18SUJ_20231124T160601
000000522/000000597 S30_T18SUJ_20240204T155449
000000542/000000597 S30_T18SUJ_20240412T155901
000000562/000000597 S30_T18SUJ_20240626T155819
000000582/000000597 S30_T18SUJ_20240817T154931
Google Earth Engine API initialized successfully.
The reference layer has been downloaded with the first image from the GEE archive.
Start downloading the HLS data from 2013-04-11 to 2024-12-31:
000000002/000000492 L30_T19TEK_20130527T152211
000000022/000000492 L30_T19TEK_20141005T152019
000000042/000000492 L30_T19TEK_20160128T152012
000000062/000000492 L30_T19TEK_20170709T151956
000000082/000000492 L30_T19TEK_20180712T151917
000000102/000000492 L30_T19TEK_20190917T152025
000000122/000000492 L30_T19TEK_20201005T152027
000000142/000000492 L30_T19TEK_20211109T152031
000000162/000000492 L30_T19TEK_20220723T152028
000000182/000000492 L30_T19TEK_20230131T152031
000000202/000000492 L30_T19TEK_20230904T152006
000000222/000000492 L30_T19TEK_20240517T151936
000000242/000000492 L30_T19TEL_20131002T152137
000000262/000000492 L30_T19TEL_20141021T151958
000000282/000000492 L30_T19TEL_20151125T151953
000000302/000000492 L30_T19TEL_20170303T151934
000000322/000000492 L30_T19TEL_20180509T151849
000000342/000000492 L30_T19TEL_20190426T151907
000000362/000000492 L30_T19TEL_20200412T151921
000000382/000000492 L30_T19TEL_20210501T151916
000000402/000000492 L30_T19TEL_20220205T151959
000000422/000000492 L30_T19TEL_20220909T152019
000000442/000000492 L30_T19TEL_20230413T151935
000000462/000000492 L30_T19TEL_20231014T151954
000000482/000000492 L30_T19TEL_20240712T151932
Google Earth Engine API initialized successfully.
The reference layer has been downloaded with the first image from the GEE archive.
Start downloading the HLS data from 2013-04-11 to 2024-12-31:
000000002/000000505 S30_T19TEK_20160106T153632
000000022/000000505 S30_T19TEK_20170219T153551
000000042/000000505 S30_T19TEK_20170922T153549
000000062/000000505 S30_T19TEK_20180219T153549
000000082/000000505 S30_T19TEK_20191128T152619
000000102/000000505 S30_T19TEK_20200703T153601
000000122/000000505 S30_T19TEK_20230519T153601
000000142/000000505 S30_T19TEK_20230728T153601
000000162/000000505 S30_T19TEK_20231013T152621
000000182/000000505 S30_T19TEK_20240111T152621
000000202/000000505 S30_T19TEK_20240331T152621
000000222/000000505 S30_T19TEK_20240602T153601
000000242/000000505 S30_T19TEK_20240811T153601
000000262/000000505 S30_T19TEL_20160306T153542
000000282/000000505 S30_T19TEL_20170130T153551
000000302/000000505 S30_T19TEL_20171004T152621
000000322/000000505 S30_T19TEL_20180412T152631
000000342/000000505 S30_T19TEL_20200120T153549
000000362/000000505 S30_T19TEL_20200725T152629
000000382/000000505 S30_T19TEL_20230531T152629
000000402/000000505 S30_T19TEL_20230829T152629
000000422/000000505 S30_T19TEL_20231127T152619
000000442/000000505 S30_T19TEL_20240218T153559
000000462/000000505 S30_T19TEL_20240508T153559
000000482/000000505 S30_T19TEL_20240717T153559
000000502/000000505 S30_T19TEL_20240922T152619
Google Earth Engine API initialized successfully.
The reference layer has been downloaded with the first image from the GEE archive.
Start downloading the HLS data from 2013-04-11 to 2024-12-31:
000000002/000000614 L30_T11SNC_20130522T182259
000000022/000000614 L30_T11SNC_20140423T182049
000000042/000000614 L30_T11SNC_20150325T182028
000000062/000000614 L30_T11SNC_20160311T182048
000000082/000000614 L30_T11SNC_20170314T182041
000000102/000000614 L30_T11SNC_20180128T182052
000000122/000000614 L30_T11SNC_20181230T182050
000000142/000000614 L30_T11SNC_20191115T182118
000000162/000000614 L30_T11SNC_20201016T182117
000000182/000000614 L30_T11SNC_20210917T182114
000000202/000000614 L30_T11SNC_20220320T182057
000000222/000000614 L30_T11SNC_20220827T182111
000000242/000000614 L30_T11SNC_20230307T182107
000000262/000000614 L30_T11SNC_20230822T182056
000000282/000000614 L30_T11SNC_20240129T182059
000000302/000000614 L30_T11SNC_20240917T182047
000000322/000000614 L30_T11SPC_20140101T182220
000000342/000000614 L30_T11SPC_20141203T182108
000000362/000000614 L30_T11SPC_20151019T182100
000000382/000000614 L30_T11SPC_20161021T182118
000000402/000000614 L30_T11SPC_20171008T182113
000000422/000000614 L30_T11SPC_20180824T182027
000000442/000000614 L30_T11SPC_20190726T182058
000000462/000000614 L30_T11SPC_20200626T182042
000000482/000000614 L30_T11SPC_20210528T182040
000000502/000000614 L30_T11SPC_20220115T182112
000000522/000000614 L30_T11SPC_20220624T182050
000000542/000000614 L30_T11SPC_20221209T182129
000000562/000000614 L30_T11SPC_20230611T182020
000000582/000000614 L30_T11SPC_20231126T182112
000000602/000000614 L30_T11SPC_20240613T182013
Google Earth Engine API initialized successfully.
The reference layer has been downloaded with the first image from the GEE archive.
Start downloading the HLS data from 2013-04-11 to 2024-12-31:
000000002/000000723 S30_T11SNC_20151218T182802
000000022/000000723 S30_T11SNC_20160625T181922
000000042/000000723 S30_T11SNC_20161026T184332
000000062/000000723 S30_T11SNC_20170315T184321
000000082/000000723 S30_T11SNC_20170720T183311
000000102/000000723 S30_T11SNC_20171016T184319
000000122/000000723 S30_T11SNC_20180116T183331
000000142/000000723 S30_T11SNC_20180628T182921
000000162/000000723 S30_T11SNC_20200116T182711
000000182/000000723 S30_T11SNC_20210128T183629
000000202/000000723 S30_T11SNC_20230604T181919
000000222/000000723 S30_T11SNC_20230724T181919
000000242/000000723 S30_T11SNC_20231012T182309
000000262/000000723 S30_T11SNC_20231211T182749
000000282/000000723 S30_T11SNC_20240207T183531
000000302/000000723 S30_T11SNC_20240414T181921
000000322/000000723 S30_T11SNC_20240613T181921
000000342/000000723 S30_T11SNC_20240810T182919
000000362/000000723 S30_T11SPC_20151208T183312
000000382/000000723 S30_T11SPC_20160605T181922
000000402/000000723 S30_T11SPC_20161006T184332
000000422/000000723 S30_T11SPC_20170302T183301
000000442/000000723 S30_T11SPC_20170720T183311
000000462/000000723 S30_T11SPC_20171013T183259
000000482/000000723 S30_T11SPC_20180111T182719
000000502/000000723 S30_T11SPC_20181107T182549
000000522/000000723 S30_T11SPC_20200304T183239
000000542/000000723 S30_T11SPC_20210217T183429
000000562/000000723 S30_T11SPC_20230612T182921
000000582/000000723 S30_T11SPC_20230806T182919
000000602/000000723 S30_T11SPC_20231017T182341
000000622/000000723 S30_T11SPC_20231216T182751
000000642/000000723 S30_T11SPC_20240212T183509
000000662/000000723 S30_T11SPC_20240412T182919
000000682/000000723 S30_T11SPC_20240608T181919
000000702/000000723 S30_T11SPC_20240802T181921
000000722/000000723 S30_T11SPC_20240929T183059
Google Earth Engine API initialized successfully.
The reference layer has been downloaded with the first image from the GEE archive.
Start downloading the HLS data from 2013-04-11 to 2024-12-31:
000000002/000000320 L30_T13SCS_20130505T174106
000000022/000000320 L30_T13SCS_20140321T173941
000000042/000000320 L30_T13SCS_20150204T173913
000000062/000000320 L30_T13SCS_20151221T173925
000000082/000000320 L30_T13SCS_20161121T173937
000000102/000000320 L30_T13SCS_20171007T173933
000000122/000000320 L30_T13SCS_20180823T173847
000000142/000000320 L30_T13SCS_20190709T173913
000000162/000000320 L30_T13SCS_20200524T173844
000000182/000000320 L30_T13SCS_20210409T173901
000000202/000000320 L30_T13SCS_20211229T173934
000000222/000000320 L30_T13SCS_20220607T173849
000000242/000000320 L30_T13SCS_20221122T173949
000000262/000000320 L30_T13SCS_20230501T173845
000000282/000000320 L30_T13SCS_20231016T173931
000000302/000000320 L30_T13SCS_20240409T173915
Google Earth Engine API initialized successfully.
The reference layer has been downloaded with the first image from the GEE archive.
Start downloading the HLS data from 2013-04-11 to 2024-12-31:
000000002/000000337 S30_T13SCS_20151226T174742
000000022/000000337 S30_T13SCS_20161004T175152
000000042/000000337 S30_T13SCS_20170228T174241
000000062/000000337 S30_T13SCS_20170911T173909
000000082/000000337 S30_T13SCS_20180114T174701
000000102/000000337 S30_T13SCS_20190512T174911
000000122/000000337 S30_T13SCS_20200307T175151
000000142/000000337 S30_T13SCS_20210322T175011
000000162/000000337 S30_T13SCS_20230610T174911
000000182/000000337 S30_T13SCS_20230804T174909
000000202/000000337 S30_T13SCS_20231003T175059
000000222/000000337 S30_T13SCS_20231204T174711
000000242/000000337 S30_T13SCS_20240131T175559
000000262/000000337 S30_T13SCS_20240321T174919
000000282/000000337 S30_T13SCS_20240512T173911
000000302/000000337 S30_T13SCS_20240704T174911
000000322/000000337 S30_T13SCS_20240825T173909
Finished!
