cn510
Google Earth Engine API initialized successfully.
The reference layer has been downloaded with the first image from the GEE archive.
Start downloading the HLS data from 2013-04-11 to 2024-12-31:
000000000/000000052 L30_T18SUH_20130811T154827
000000001/000000052 L30_T18SUH_20140401T154029
000000002/000000052 L30_T18SUH_20141001T154636
000000003/000000052 L30_T18SUH_20150420T153938
000000004/000000052 L30_T18SUH_20150927T154016
000000005/000000052 L30_T18SUH_20160508T153950
000000006/000000052 L30_T18SUH_20161022T154647
000000007/000000052 L30_T18SUH_20170416T154553
000000008/000000052 L30_T18SUH_20171018T154034
000000009/000000052 L30_T18SUH_20180505T154534
000000010/000000052 L30_T18SUH_20181129T154622
000000011/000000052 L30_T18SUH_20190609T154614
000000012/000000052 L30_T18SUH_20191218T154644
000000013/000000052 L30_T18SUH_20200722T154010
000000014/000000052 L30_T18SUH_20210310T154620
000000015/000000052 L30_T18SUH_20210902T154641
000000016/000000052 L30_T18SUH_20220201T154643
000000017/000000052 L30_T18SUH_20220501T154000
000000018/000000052 L30_T18SUH_20220728T154039
000000019/000000052 L30_T18SUH_20221031T154652
000000020/000000052 L30_T18SUH_20230213T154045
000000021/000000052 L30_T18SUH_20230519T154543
000000022/000000052 L30_T18SUH_20230831T154623
000000023/000000052 L30_T18SUH_20231128T154034
000000024/000000052 L30_T18SUH_20240319T154025
000000025/000000052 L30_T18SUH_20240802T153952
000000026/000000052 L30_T18SUJ_20130719T154150
000000027/000000052 L30_T18SUJ_20140228T154031
000000028/000000052 L30_T18SUJ_20140814T154606
000000029/000000052 L30_T18SUJ_20150326T154533
000000030/000000052 L30_T18SUJ_20150902T154551
000000031/000000052 L30_T18SUJ_20160406T153930
000000032/000000052 L30_T18SUJ_20160920T154617
000000033/000000052 L30_T18SUJ_20170315T154610
000000034/000000052 L30_T18SUJ_20170923T154614
000000035/000000052 L30_T18SUJ_20180412T153912
000000036/000000052 L30_T18SUJ_20181021T153944
000000037/000000052 L30_T18SUJ_20190517T153928
000000038/000000052 L30_T18SUJ_20191125T154011
000000039/000000052 L30_T18SUJ_20200627T154548
000000040/000000052 L30_T18SUJ_20210130T154000
000000041/000000052 L30_T18SUJ_20210810T153959
000000042/000000052 L30_T18SUJ_20220116T154617
000000043/000000052 L30_T18SUJ_20220422T154548
000000044/000000052 L30_T18SUJ_20220719T154619
000000045/000000052 L30_T18SUJ_20221008T154014
000000046/000000052 L30_T18SUJ_20230128T154017
000000047/000000052 L30_T18SUJ_20230504T153954
000000048/000000052 L30_T18SUJ_20230815T154549
000000049/000000052 L30_T18SUJ_20231112T154002
000000050/000000052 L30_T18SUJ_20240303T154003
000000051/000000052 L30_T18SUJ_20241013T153951
Google Earth Engine API initialized successfully.
The reference layer has been downloaded with the first image from the GEE archive.
Start downloading the HLS data from 2013-04-11 to 2024-12-31:
000000004/000000030 S30_T18SUH_20171217T155639
000000005/000000030 S30_T18SUH_20190630T154819
000000006/000000030 S30_T18SUH_20201126T155611
000000007/000000030 S30_T18SUH_20230609T154819
000000008/000000030 S30_T18SUH_20230831T155829
000000009/000000030 S30_T18SUH_20231109T160459
000000010/000000030 S30_T18SUH_20240110T155631
000000011/000000030 S30_T18SUH_20240325T154809
000000012/000000030 S30_T18SUH_20240611T155911
000000013/000000030 S30_T18SUH_20240802T154809
000000014/000000030 S30_T18SUH_20241006T155131
000000015/000000030 S30_T18SUJ_20160703T161222
000000016/000000030 S30_T18SUJ_20161127T155612
000000017/000000030 S30_T18SUJ_20170618T155901
000000018/000000030 S30_T18SUJ_20170928T155019
000000019/000000030 S30_T18SUJ_20180106T155629
000000020/000000030 S30_T18SUJ_20190705T154911
000000021/000000030 S30_T18SUJ_20210118T160611
000000022/000000030 S30_T18SUJ_20230609T154819
000000023/000000030 S30_T18SUJ_20230823T154821
000000024/000000030 S30_T18SUJ_20231027T155249
000000025/000000030 S30_T18SUJ_20231224T160701
000000026/000000030 S30_T18SUJ_20240310T155051
000000027/000000030 S30_T18SUJ_20240601T155911
000000028/000000030 S30_T18SUJ_20240723T154819
000000029/000000030 S30_T18SUJ_20240916T154911
