cn509
Google Earth Engine API initialized successfully.
The reference layer has been downloaded with the first image from the GEE archive.
Start downloading the HLS data from 2013-04-11 to 2024-12-31:
000000000/000000052 L30_T18SUH_20130804T154216
000000001/000000052 L30_T18SUH_20140316T154045
000000002/000000052 L30_T18SUH_20140924T154020
000000003/000000052 L30_T18SUH_20150411T154549
000000004/000000052 L30_T18SUH_20150918T154624
000000005/000000052 L30_T18SUH_20160422T153947
000000006/000000052 L30_T18SUH_20161015T154036
000000007/000000052 L30_T18SUH_20170409T153946
000000008/000000052 L30_T18SUH_20171009T154643
000000009/000000052 L30_T18SUH_20180428T153927
000000010/000000052 L30_T18SUH_20181122T154012
000000011/000000052 L30_T18SUH_20190602T154000
000000012/000000052 L30_T18SUH_20191211T154034
000000013/000000052 L30_T18SUH_20200713T154618
000000014/000000052 L30_T18SUH_20210303T154014
000000015/000000052 L30_T18SUH_20210826T154027
000000016/000000052 L30_T18SUH_20220124T154636
000000017/000000052 L30_T18SUH_20220430T154613
000000018/000000052 L30_T18SUH_20220727T154627
000000019/000000052 L30_T18SUH_20221023T154703
000000020/000000052 L30_T18SUH_20230205T154038
000000021/000000052 L30_T18SUH_20230512T153933
000000022/000000052 L30_T18SUH_20230823T154626
000000023/000000052 L30_T18SUH_20231127T154641
000000024/000000052 L30_T18SUH_20240311T154007
000000025/000000052 L30_T18SUH_20240801T154556
000000026/000000052 L30_T18SUJ_20130703T154151
000000027/000000052 L30_T18SUJ_20140212T154044
000000028/000000052 L30_T18SUJ_20140807T153953
000000029/000000052 L30_T18SUJ_20150319T153926
000000030/000000052 L30_T18SUJ_20150826T153939
000000031/000000052 L30_T18SUJ_20160328T154544
000000032/000000052 L30_T18SUJ_20160913T154006
000000033/000000052 L30_T18SUJ_20170308T153939
000000034/000000052 L30_T18SUJ_20170916T153959
000000035/000000052 L30_T18SUJ_20180327T153921
000000036/000000052 L30_T18SUJ_20181012T154552
000000037/000000052 L30_T18SUJ_20190508T154533
000000038/000000052 L30_T18SUJ_20191116T154623
000000039/000000052 L30_T18SUJ_20200620T153934
000000040/000000052 L30_T18SUJ_20210121T154611
000000041/000000052 L30_T18SUJ_20210725T153952
000000042/000000052 L30_T18SUJ_20211224T154009
000000043/000000052 L30_T18SUJ_20220415T153942
000000044/000000052 L30_T18SUJ_20220712T154005
000000045/000000052 L30_T18SUJ_20221007T154638
000000046/000000052 L30_T18SUJ_20230120T154011
000000047/000000052 L30_T18SUJ_20230503T154529
000000048/000000052 L30_T18SUJ_20230808T153938
000000049/000000052 L30_T18SUJ_20231111T154611
000000050/000000052 L30_T18SUJ_20240216T154005
000000051/000000052 L30_T18SUJ_20240818T153936
Google Earth Engine API initialized successfully.
The reference layer has been downloaded with the first image from the GEE archive.
Start downloading the HLS data from 2013-04-11 to 2024-12-31:
000000000/000000030 S30_T18SUH_20160401T154922
000000001/000000030 S30_T18SUH_20160928T160122
000000002/000000030 S30_T18SUH_20170320T161211
000000003/000000030 S30_T18SUH_20170903T160131
000000004/000000030 S30_T18SUH_20171210T160639
000000005/000000030 S30_T18SUH_20190524T155829
000000006/000000030 S30_T18SUH_20201015T160149
000000007/000000030 S30_T18SUH_20230607T155821
000000008/000000030 S30_T18SUH_20230826T155831
000000009/000000030 S30_T18SUH_20231104T160431
000000010/000000030 S30_T18SUH_20240108T160639
000000011/000000030 S30_T18SUH_20240320T154941
000000012/000000030 S30_T18SUH_20240608T154941
000000013/000000030 S30_T18SUH_20240731T155901
000000014/000000030 S30_T18SUH_20241004T160029
000000015/000000030 S30_T18SUJ_20160630T155412
000000016/000000030 S30_T18SUJ_20161120T160552
000000017/000000030 S30_T18SUJ_20170615T160131
000000018/000000030 S30_T18SUJ_20170926T160021
000000019/000000030 S30_T18SUJ_20180101T160121
000000020/000000030 S30_T18SUJ_20190618T155911
000000021/000000030 S30_T18SUJ_20201027T155341
000000022/000000030 S30_T18SUJ_20230607T155821
000000023/000000030 S30_T18SUJ_20230816T155911
000000024/000000030 S30_T18SUJ_20231025T160331
000000025/000000030 S30_T18SUJ_20231221T155651
000000026/000000030 S30_T18SUJ_20240308T155959
000000027/000000030 S30_T18SUJ_20240529T154941
000000028/000000030 S30_T18SUJ_20240721T155901
000000029/000000030 S30_T18SUJ_20240914T155819
