cn508
Google Earth Engine API initialized successfully.
The reference layer has been downloaded with the first image from the GEE archive.
Start downloading the HLS data from 2013-04-11 to 2024-12-31:
000000005/000001040 L30_T18SUH_20130601T154219
000000025/000001040 L30_T18SUH_20131201T154804
000000045/000001040 L30_T18SUH_20140706T154005
000000065/000001040 L30_T18SUH_20150130T154013
000000085/000001040 L30_T18SUH_20150725T153952
000000105/000001040 L30_T18SUH_20160202T154018
000000125/000001040 L30_T18SUH_20160812T154018
000000145/000001040 L30_T18SUH_20170204T154016
000000165/000001040 L30_T18SUH_20170806T154627
000000185/000001040 L30_T18SUH_20180214T154615
000000205/000001040 L30_T18SUH_20180825T154557
000000225/000001040 L30_T18SUH_20190406T154558
000000245/000001040 L30_T18SUH_20190929T154647
000000265/000001040 L30_T18SUH_20200519T153942
000000285/000001040 L30_T18SUH_20201127T154036
000000305/000001040 L30_T18SUH_20210623T154008
000000325/000001040 L30_T18SUH_20211207T154648
000000345/000001040 L30_T18SUH_20220322T154006
000000365/000001040 L30_T18SUH_20220626T154030
000000385/000001040 L30_T18SUH_20220921T154706
000000405/000001040 L30_T18SUH_20230103T154654
000000425/000001040 L30_T18SUH_20230417T154558
000000445/000001040 L30_T18SUH_20230723T153951
000000465/000001040 L30_T18SUH_20231026T154639
000000485/000001040 L30_T18SUH_20240123T154019
000000505/000001040 L30_T18SUH_20240623T153918
000000525/000001040 L30_T18SUJ_20130421T154750
000000545/000001040 L30_T18SUJ_20131108T154137
000000565/000001040 L30_T18SUJ_20140611T154608
000000585/000001040 L30_T18SUJ_20141213T153957
000000605/000001040 L30_T18SUJ_20150630T154526
000000625/000001040 L30_T18SUJ_20151216T154000
000000645/000001040 L30_T18SUJ_20160718T154601
000000665/000001040 L30_T18SUJ_20170110T154637
000000685/000001040 L30_T18SUJ_20170714T153941
000000705/000001040 L30_T18SUJ_20180106T153959
000000725/000001040 L30_T18SUJ_20180802T153911
000000745/000001040 L30_T18SUJ_20190305T154542
000000765/000001040 L30_T18SUJ_20190821T154002
000000785/000001040 L30_T18SUJ_20200417T153927
000000805/000001040 L30_T18SUJ_20201010T154012
000000825/000001040 L30_T18SUJ_20210522T153932
000000845/000001040 L30_T18SUJ_20211119T154312
000000865/000001040 L30_T18SUJ_20220306T154016
000000885/000001040 L30_T18SUJ_20220617T154614
000000905/000001040 L30_T18SUJ_20220905T154636
000000925/000001040 L30_T18SUJ_20221219T154017
000000945/000001040 L30_T18SUJ_20230402T153949
000000965/000001040 L30_T18SUJ_20230714T154539
000000985/000001040 L30_T18SUJ_20231011T154003
000001005/000001040 L30_T18SUJ_20240114T154610
000001025/000001040 L30_T18SUJ_20240708T154525
Google Earth Engine API initialized successfully.
The reference layer has been downloaded with the first image from the GEE archive.
Start downloading the HLS data from 2013-04-11 to 2024-12-31:
000000005/000000597 S30_T18SUH_20160112T160132
000000025/000000597 S30_T18SUH_20160812T161222
000000045/000000597 S30_T18SUH_20161230T160652
000000065/000000597 S30_T18SUH_20170715T154911
000000085/000000597 S30_T18SUH_20171031T160359
000000105/000000597 S30_T18SUH_20180411T155011
000000125/000000597 S30_T18SUH_20200304T160131
000000145/000000597 S30_T18SUH_20230518T155901
000000165/000000597 S30_T18SUH_20230724T154821
000000185/000000597 S30_T18SUH_20231010T160059
000000205/000000597 S30_T18SUH_20231219T160659
000000225/000000597 S30_T18SUH_20240229T155201
000000245/000000597 S30_T18SUH_20240512T155901
000000265/000000597 S30_T18SUH_20240711T160011
000000285/000000597 S30_T18SUH_20240906T154811
000000305/000000597 S30_T18SUJ_20160421T160132
000000325/000000597 S30_T18SUJ_20160921T161212
000000345/000000597 S30_T18SUJ_20170320T161211
000000365/000000597 S30_T18SUJ_20170809T160129
000000385/000000597 S30_T18SUJ_20171115T161211
000000405/000000597 S30_T18SUJ_20180911T155901
000000425/000000597 S30_T18SUJ_20200301T155151
000000445/000000597 S30_T18SUJ_20230518T155901
000000465/000000597 S30_T18SUJ_20230717T155911
000000485/000000597 S30_T18SUJ_20231005T160121
000000505/000000597 S30_T18SUJ_20231204T160631
000000525/000000597 S30_T18SUJ_20240214T155249
000000545/000000597 S30_T18SUJ_20240424T154809
000000565/000000597 S30_T18SUJ_20240703T154819
000000585/000000597 S30_T18SUJ_20240825T155819
Google Earth Engine API initialized successfully.
The reference layer has been downloaded with the first image from the GEE archive.
Start downloading the HLS data from 2013-04-11 to 2024-12-31:
000000005/000000492 L30_T19TEK_20130815T152208
000000025/000000492 L30_T19TEK_20150125T152005
000000045/000000492 L30_T19TEK_20160417T151942
000000065/000000492 L30_T19TEK_20170826T152013
000000085/000000492 L30_T19TEK_20180829T151940
000000105/000000492 L30_T19TEK_20191104T152031
000000125/000000492 L30_T19TEK_20210125T152016
000000145/000000492 L30_T19TEK_20211227T152024
000000165/000000492 L30_T19TEK_20220816T152020
000000185/000000492 L30_T19TEK_20230312T152017
000000205/000000492 L30_T19TEK_20231006T152015
000000225/000000492 L30_T19TEK_20240626T151924
000000245/000000492 L30_T19TEL_20131119T152122
000000265/000000492 L30_T19TEL_20141208T151951
000000285/000000492 L30_T19TEL_20160213T151941
000000305/000000492 L30_T19TEL_20170709T151932
000000325/000000492 L30_T19TEL_20180617T152450
000000345/000000492 L30_T19TEL_20190613T151933
000000365/000000492 L30_T19TEL_20200530T151913
000000385/000000492 L30_T19TEL_20210618T151935
000000405/000000492 L30_T19TEL_20220301T151945
000000425/000000492 L30_T19TEL_20221003T152005
000000445/000000492 L30_T19TEL_20230515T151920
000000465/000000492 L30_T19TEL_20231201T151955
000000485/000000492 L30_T19TEL_20240813T151923
Google Earth Engine API initialized successfully.
The reference layer has been downloaded with the first image from the GEE archive.
Start downloading the HLS data from 2013-04-11 to 2024-12-31:
000000005/000000505 S30_T19TEK_20160515T153552
000000025/000000505 S30_T19TEK_20170318T152621
000000045/000000505 S30_T19TEK_20171012T153539
000000065/000000505 S30_T19TEK_20180410T153559
000000085/000000505 S30_T19TEK_20191228T152639
000000105/000000505 S30_T19TEK_20200913T152629
000000125/000000505 S30_T19TEK_20230526T152631
000000145/000000505 S30_T19TEK_20230812T153559
000000165/000000505 S30_T19TEK_20231026T153601
000000185/000000505 S30_T19TEK_20240121T152621
000000205/000000505 S30_T19TEK_20240413T153601
000000225/000000505 S30_T19TEK_20240612T153601
000000245/000000505 S30_T19TEK_20240821T153551
000000265/000000505 S30_T19TEL_20160522T152622
000000285/000000505 S30_T19TEL_20170318T152621
000000305/000000505 S30_T19TEL_20171019T152609
000000325/000000505 S30_T19TEL_20180530T153559
000000345/000000505 S30_T19TEL_20200211T152621
000000365/000000505 S30_T19TEL_20201127T152631
000000385/000000505 S30_T19TEL_20230625T152631
000000405/000000505 S30_T19TEL_20230906T153601
000000425/000000505 S30_T19TEL_20231207T152619
000000445/000000505 S30_T19TEL_20240301T152621
000000465/000000505 S30_T19TEL_20240515T152619
000000485/000000505 S30_T19TEL_20240727T153559
000000505/000000505 S30_T19TEL_20241005T153559
Google Earth Engine API initialized successfully.
The reference layer has been downloaded with the first image from the GEE archive.
Start downloading the HLS data from 2013-04-11 to 2024-12-31:
000000005/000000614 L30_T11SNC_20130709T182257
000000025/000000614 L30_T11SNC_20140610T182038
000000045/000000614 L30_T11SNC_20150512T181959
000000065/000000614 L30_T11SNC_20160514T182030
000000085/000000614 L30_T11SNC_20170501T182014
000000105/000000614 L30_T11SNC_20180317T182030
000000125/000000614 L30_T11SNC_20190216T182041
000000145/000000614 L30_T11SNC_20200118T182107
000000165/000000614 L30_T11SNC_20201219T182117
000000185/000000614 L30_T11SNC_20211104T182122
000000205/000000614 L30_T11SNC_20220413T182047
000000225/000000614 L30_T11SNC_20220920T182136
000000245/000000614 L30_T11SNC_20230331T182044
000000265/000000614 L30_T11SNC_20230915T182102
000000285/000000614 L30_T11SNC_20240301T182055
000000305/000000614 L30_T11SNC_20241206T182106
000000325/000000614 L30_T11SPC_20140218T182146
000000345/000000614 L30_T11SPC_20150120T182056
000000365/000000614 L30_T11SPC_20151206T182105
000000385/000000614 L30_T11SPC_20161208T182115
000000405/000000614 L30_T11SPC_20171125T182108
000000425/000000614 L30_T11SPC_20181011T182046
000000445/000000614 L30_T11SPC_20190912T182113
000000465/000000614 L30_T11SPC_20200813T182057
000000485/000000614 L30_T11SPC_20210715T182052
000000505/000000614 L30_T11SPC_20220208T182104
000000525/000000614 L30_T11SPC_20220718T182113
000000545/000000614 L30_T11SPC_20230102T182124
000000565/000000614 L30_T11SPC_20230713T182033
000000585/000000614 L30_T11SPC_20231220T182117
000000605/000000614 L30_T11SPC_20240715T182024
Google Earth Engine API initialized successfully.
The reference layer has been downloaded with the first image from the GEE archive.
Start downloading the HLS data from 2013-04-11 to 2024-12-31:
000000005/000000723 S30_T11SNC_20160107T183312
000000025/000000723 S30_T11SNC_20160708T182922
000000045/000000723 S30_T11SNC_20161115T183632
000000065/000000723 S30_T11SNC_20170414T182921
000000085/000000723 S30_T11SNC_20170728T184329
000000105/000000723 S30_T11SNC_20171028T183311
000000125/000000723 S30_T11SNC_20180205T182541
000000145/000000723 S30_T11SNC_20181011T183259
000000165/000000723 S30_T11SNC_20200208T183521
000000185/000000723 S30_T11SNC_20210415T181909
000000205/000000723 S30_T11SNC_20230612T182921
000000225/000000723 S30_T11SNC_20230806T182919
000000245/000000723 S30_T11SNC_20231022T182419
000000265/000000723 S30_T11SNC_20231219T183801
000000285/000000723 S30_T11SNC_20240222T183359
000000305/000000723 S30_T11SNC_20240424T181921
000000325/000000723 S30_T11SNC_20240621T182919
000000345/000000723 S30_T11SNC_20240817T181919
000000365/000000723 S30_T11SPC_20151221T184332
000000385/000000723 S30_T11SPC_20160625T181922
000000405/000000723 S30_T11SPC_20161026T184332
000000425/000000723 S30_T11SPC_20170315T184321
000000445/000000723 S30_T11SPC_20170728T184329
000000465/000000723 S30_T11SPC_20171021T184331
000000485/000000723 S30_T11SPC_20180203T183549
000000505/000000723 S30_T11SPC_20190426T181929
000000525/000000723 S30_T11SPC_20200311T182049
000000545/000000723 S30_T11SPC_20210722T182921
000000565/000000723 S30_T11SPC_20230619T181921
000000585/000000723 S30_T11SPC_20230823T181919
000000605/000000723 S30_T11SPC_20231025T183439
000000625/000000723 S30_T11SPC_20231224T183809
000000645/000000723 S30_T11SPC_20240222T183359
000000665/000000723 S30_T11SPC_20240422T182919
000000685/000000723 S30_T11SPC_20240616T182921
000000705/000000723 S30_T11SPC_20240812T181921
Google Earth Engine API initialized successfully.
The reference layer has been downloaded with the first image from the GEE archive.
Start downloading the HLS data from 2013-04-11 to 2024-12-31:
000000005/000000320 L30_T13SCS_20130606T174119
000000025/000000320 L30_T13SCS_20140508T173854
000000045/000000320 L30_T13SCS_20150324T173849
000000065/000000320 L30_T13SCS_20160207T173918
000000085/000000320 L30_T13SCS_20170108T173928
000000105/000000320 L30_T13SCS_20171124T173928
000000125/000000320 L30_T13SCS_20181010T173906
000000145/000000320 L30_T13SCS_20190826T173928
000000165/000000320 L30_T13SCS_20200711T173908
000000185/000000320 L30_T13SCS_20210527T173859
000000205/000000320 L30_T13SCS_20220122T173928
000000225/000000320 L30_T13SCS_20220709T173907
000000245/000000320 L30_T13SCS_20221216T173943
000000265/000000320 L30_T13SCS_20230525T173845
000000285/000000320 L30_T13SCS_20231109T173924
000000305/000000320 L30_T13SCS_20240612T173833
Google Earth Engine API initialized successfully.
The reference layer has been downloaded with the first image from the GEE archive.
Start downloading the HLS data from 2013-04-11 to 2024-12-31:
000000005/000000337 S30_T13SCS_20160125T174622
000000025/000000337 S30_T13SCS_20161031T174452
000000045/000000337 S30_T13SCS_20170429T173911
000000065/000000337 S30_T13SCS_20171004T175139
000000085/000000337 S30_T13SCS_20180206T175521
000000105/000000337 S30_T13SCS_20190921T174019
000000125/000000337 S30_T13SCS_20200401T174909
000000145/000000337 S30_T13SCS_20210920T173919
000000165/000000337 S30_T13SCS_20230617T173911
000000185/000000337 S30_T13SCS_20230816T173911
000000205/000000337 S30_T13SCS_20231013T175309
000000225/000000337 S30_T13SCS_20231212T175739
000000245/000000337 S30_T13SCS_20240207T174509
000000265/000000337 S30_T13SCS_20240331T174909
000000285/000000337 S30_T13SCS_20240520T174909
000000305/000000337 S30_T13SCS_20240711T173911
000000325/000000337 S30_T13SCS_20240902T174911
Finished!
